[10-10 19:13:28,417] INFO  [main][] -  [org.eclipse.jetty.server.Server][272] - jetty-8.1.16.v20140903
[10-10 19:13:28,657] INFO  [main][] -  [org.eclipse.jetty.webapp.StandardDescriptorProcessor][284] - NO JSP Support for /, did not find org.apache.jasper.servlet.JspServlet
[10-10 19:13:28,789] INFO  [main][] -  [/][2040] - Initializing Spring root WebApplicationContext
[10-10 19:13:34,079] INFO  [main][] -  [org.apache.zookeeper.ZooKeeper][98] - Client environment:zookeeper.version=3.4.3-1240972, built on 02/06/2012 10:48 GMT
[10-10 19:13:34,080] INFO  [main][] -  [org.apache.zookeeper.ZooKeeper][98] - Client environment:host.name=192.168.102.1
[10-10 19:13:34,080] INFO  [main][] -  [org.apache.zookeeper.ZooKeeper][98] - Client environment:java.version=1.8.0_144
[10-10 19:13:34,081] INFO  [main][] -  [org.apache.zookeeper.ZooKeeper][98] - Client environment:java.vendor=Oracle Corporation
[10-10 19:13:34,081] INFO  [main][] -  [org.apache.zookeeper.ZooKeeper][98] - Client environment:java.home=C:\develop\Java\jdk1.8.0_144\jre
[10-10 19:13:34,081] INFO  [main][] -  [org.apache.zookeeper.ZooKeeper][98] - Client environment:java.class.path=C:\develop\Java\jdk1.8.0_144\jre\lib\charsets.jar;C:\develop\Java\jdk1.8.0_144\jre\lib\deploy.jar;C:\develop\Java\jdk1.8.0_144\jre\lib\ext\access-bridge-64.jar;C:\develop\Java\jdk1.8.0_144\jre\lib\ext\cldrdata.jar;C:\develop\Java\jdk1.8.0_144\jre\lib\ext\dnsns.jar;C:\develop\Java\jdk1.8.0_144\jre\lib\ext\jaccess.jar;C:\develop\Java\jdk1.8.0_144\jre\lib\ext\jfxrt.jar;C:\develop\Java\jdk1.8.0_144\jre\lib\ext\localedata.jar;C:\develop\Java\jdk1.8.0_144\jre\lib\ext\nashorn.jar;C:\develop\Java\jdk1.8.0_144\jre\lib\ext\sunec.jar;C:\develop\Java\jdk1.8.0_144\jre\lib\ext\sunjce_provider.jar;C:\develop\Java\jdk1.8.0_144\jre\lib\ext\sunmscapi.jar;C:\develop\Java\jdk1.8.0_144\jre\lib\ext\sunpkcs11.jar;C:\develop\Java\jdk1.8.0_144\jre\lib\ext\zipfs.jar;C:\develop\Java\jdk1.8.0_144\jre\lib\javaws.jar;C:\develop\Java\jdk1.8.0_144\jre\lib\jce.jar;C:\develop\Java\jdk1.8.0_144\jre\lib\jfr.jar;C:\develop\Java\jdk1.8.0_144\jre\lib\jfxswt.jar;C:\develop\Java\jdk1.8.0_144\jre\lib\jsse.jar;C:\develop\Java\jdk1.8.0_144\jre\lib\management-agent.jar;C:\develop\Java\jdk1.8.0_144\jre\lib\plugin.jar;C:\develop\Java\jdk1.8.0_144\jre\lib\resources.jar;C:\develop\Java\jdk1.8.0_144\jre\lib\rt.jar;C:\workspace\luwfls\dubbo-d-monitor\web\target\test-classes;C:\workspace\luwfls\dubbo-d-monitor\web\target\classes;C:\Users\luwfl\.m2\repository\junit\junit\4.12\junit-4.12.jar;C:\Users\luwfl\.m2\repository\org\hamcrest\hamcrest-core\1.3\hamcrest-core-1.3.jar;C:\workspace\luwfls\dubbo-d-monitor\biz\target\classes;C:\Users\luwfl\.m2\repository\org\slf4j\slf4j-api\1.7.7\slf4j-api-1.7.7.jar;C:\workspace\luwfls\dubbo-d-monitor\dao\target\classes;C:\workspace\luwfls\dubbo-d-monitor\common\target\classes;C:\Users\luwfl\.m2\repository\redis\clients\jedis\2.7.2\jedis-2.7.2.jar;C:\Users\luwfl\.m2\repository\org\apache\commons\commons-pool2\2.3\commons-pool2-2.3.jar;C:\Users\luwfl\.m2\repository\org\projectlombok\lombok\1.12.6\lombok-1.12.6.jar;C:\Users\luwfl\.m2\repository\org\codehaus\jackson\jackson-mapper-asl\1.9.13\jackson-mapper-asl-1.9.13.jar;C:\Users\luwfl\.m2\repository\org\codehaus\jackson\jackson-core-asl\1.9.13\jackson-core-asl-1.9.13.jar;C:\Users\luwfl\.m2\repository\com\alibaba\dubbo\2.5.3\dubbo-2.5.3.jar;C:\Users\luwfl\.m2\repository\org\javassist\javassist\3.15.0-GA\javassist-3.15.0-GA.jar;C:\workspace\luwfls\dubbo-d-monitor\bean\target\classes;C:\Users\luwfl\.m2\repository\org\mybatis\mybatis\3.2.6\mybatis-3.2.6.jar;C:\Users\luwfl\.m2\repository\org\mybatis\mybatis-spring\1.2.2\mybatis-spring-1.2.2.jar;C:\Users\luwfl\.m2\repository\mysql\mysql-connector-java\5.1.30\mysql-connector-java-5.1.30.jar;C:\Users\luwfl\.m2\repository\org\springframework\spring-tx\4.0.5.RELEASE\spring-tx-4.0.5.RELEASE.jar;C:\Users\luwfl\.m2\repository\com\google\guava\guava\18.0\guava-18.0.jar;C:\Users\luwfl\.m2\repository\javax\javaee-api\7.0\javaee-api-7.0.jar;C:\Users\luwfl\.m2\repository\com\sun\mail\javax.mail\1.5.0\javax.mail-1.5.0.jar;C:\Users\luwfl\.m2\repository\javax\activation\activation\1.1\activation-1.1.jar;C:\Users\luwfl\.m2\repository\javax\servlet\servlet-api\2.5\servlet-api-2.5.jar;C:\Users\luwfl\.m2\repository\org\springframework\spring-web\4.0.5.RELEASE\spring-web-4.0.5.RELEASE.jar;C:\Users\luwfl\.m2\repository\org\springframework\spring-aop\4.0.5.RELEASE\spring-aop-4.0.5.RELEASE.jar;C:\Users\luwfl\.m2\repository\aopalliance\aopalliance\1.0\aopalliance-1.0.jar;C:\Users\luwfl\.m2\repository\org\springframework\spring-beans\4.0.5.RELEASE\spring-beans-4.0.5.RELEASE.jar;C:\Users\luwfl\.m2\repository\org\springframework\spring-context\4.0.5.RELEASE\spring-context-4.0.5.RELEASE.jar;C:\Users\luwfl\.m2\repository\org\springframework\spring-core\4.0.5.RELEASE\spring-core-4.0.5.RELEASE.jar;C:\Users\luwfl\.m2\repository\commons-logging\commons-logging\1.1.3\commons-logging-1.1.3.jar;C:\Users\luwfl\.m2\repository\org\springframework\spring-webmvc\4.0.5.RELEASE\spring-webmvc-4.0.5.RELEASE.jar;C:\Users\luwfl\.m2\repository\org\springframework\spring-expression\4.0.5.RELEASE\spring-expression-4.0.5.RELEASE.jar;C:\Users\luwfl\.m2\repository\org\springframework\spring-test\4.0.5.RELEASE\spring-test-4.0.5.RELEASE.jar;C:\Users\luwfl\.m2\repository\org\springframework\spring-jdbc\4.0.5.RELEASE\spring-jdbc-4.0.5.RELEASE.jar;C:\Users\luwfl\.m2\repository\com\alibaba\druid\1.0.15\druid-1.0.15.jar;C:\develop\Java\jdk1.8.0_144\lib\jconsole.jar;C:\develop\Java\jdk1.8.0_144\lib\tools.jar;C:\Users\luwfl\.m2\repository\com\fasterxml\jackson\core\jackson-core\2.1.0\jackson-core-2.1.0.jar;C:\Users\luwfl\.m2\repository\com\fasterxml\jackson\core\jackson-databind\2.1.0\jackson-databind-2.1.0.jar;C:\Users\luwfl\.m2\repository\com\fasterxml\jackson\core\jackson-annotations\2.1.0\jackson-annotations-2.1.0.jar;C:\Users\luwfl\.m2\repository\org\eclipse\jetty\aggregate\jetty-all\8.1.16.v20140903\jetty-all-8.1.16.v20140903.jar;C:\Users\luwfl\.m2\repository\org\eclipse\jetty\orbit\javax.servlet\3.0.0.v201112011016\javax.servlet-3.0.0.v201112011016.jar;C:\Users\luwfl\.m2\repository\org\eclipse\jetty\jetty-webapp\8.1.16.v20140903\jetty-webapp-8.1.16.v20140903.jar;C:\Users\luwfl\.m2\repository\org\eclipse\jetty\jetty-xml\8.1.16.v20140903\jetty-xml-8.1.16.v20140903.jar;C:\Users\luwfl\.m2\repository\org\eclipse\jetty\jetty-util\8.1.16.v20140903\jetty-util-8.1.16.v20140903.jar;C:\Users\luwfl\.m2\repository\org\eclipse\jetty\jetty-servlet\8.1.16.v20140903\jetty-servlet-8.1.16.v20140903.jar;C:\Users\luwfl\.m2\repository\org\eclipse\jetty\jetty-security\8.1.16.v20140903\jetty-security-8.1.16.v20140903.jar;C:\Users\luwfl\.m2\repository\org\eclipse\jetty\jetty-server\8.1.16.v20140903\jetty-server-8.1.16.v20140903.jar;C:\Users\luwfl\.m2\repository\org\eclipse\jetty\jetty-continuation\8.1.16.v20140903\jetty-continuation-8.1.16.v20140903.jar;C:\Users\luwfl\.m2\repository\org\eclipse\jetty\jetty-http\8.1.16.v20140903\jetty-http-8.1.16.v20140903.jar;C:\Users\luwfl\.m2\repository\org\eclipse\jetty\jetty-io\8.1.16.v20140903\jetty-io-8.1.16.v20140903.jar;C:\Users\luwfl\.m2\repository\ch\qos\logback\logback-core\1.1.2\logback-core-1.1.2.jar;C:\Users\luwfl\.m2\repository\org\logback-extensions\logback-ext-spring\0.1.2\logback-ext-spring-0.1.2.jar;C:\Users\luwfl\.m2\repository\ch\qos\logback\logback-classic\1.1.3\logback-classic-1.1.3.jar;C:\Users\luwfl\.m2\repository\org\slf4j\jcl-over-slf4j\1.7.12\jcl-over-slf4j-1.7.12.jar;C:\Users\luwfl\.m2\repository\com\101tec\zkclient\0.5\zkclient-0.5.jar;C:\Users\luwfl\.m2\repository\log4j\log4j\1.2.15\log4j-1.2.15.jar;C:\Users\luwfl\.m2\repository\javax\mail\mail\1.4\mail-1.4.jar;C:\Users\luwfl\.m2\repository\org\apache\zookeeper\zookeeper\3.4.3\zookeeper-3.4.3.jar;C:\Users\luwfl\.m2\repository\jline\jline\0.9.94\jline-0.9.94.jar;C:\Users\luwfl\.m2\repository\org\jboss\netty\netty\3.2.2.Final\netty-3.2.2.Final.jar;C:\Users\luwfl\.m2\repository\org\freemarker\freemarker\2.3.20\freemarker-2.3.20.jar;C:\Users\luwfl\.m2\repository\org\springframework\spring-context-support\4.0.5.RELEASE\spring-context-support-4.0.5.RELEASE.jar;C:\develop\JetBrains\IntelliJ IDEA 2017.2.4\lib\idea_rt.jar
[10-10 19:13:34,083] INFO  [main][] -  [org.apache.zookeeper.ZooKeeper][98] - Client environment:java.library.path=C:\develop\Java\jdk1.8.0_144\bin;C:\Windows\Sun\Java\bin;C:\Windows\system32;C:\Windows;C:\ProgramData\Oracle\Java\javapath;C:\Program Files (x86)\Intel\iCLS Client\;C:\Program Files\Intel\iCLS Client\;C:\Windows\system32;C:\Windows;C:\Windows\System32\Wbem;C:\Windows\System32\WindowsPowerShell\v1.0\;C:\Program Files (x86)\Intel\Intel(R) Management Engine Components\DAL;C:\Program Files\Intel\Intel(R) Management Engine Components\DAL;C:\Program Files (x86)\Intel\Intel(R) Management Engine Components\IPT;C:\Program Files\Intel\Intel(R) Management Engine Components\IPT;C:\Program Files (x86)\NVIDIA Corporation\PhysX\Common;C:\develop\Git\cmd;C:\develop\Git\mingw64\bin;C:\develop\Git\usr\bin;C:\Program Files\TortoiseSVN\bin;C:\Users\luwfl\AppData\Local\Microsoft\WindowsApps;;.
[10-10 19:13:34,083] INFO  [main][] -  [org.apache.zookeeper.ZooKeeper][98] - Client environment:java.io.tmpdir=C:\Users\luwfl\AppData\Local\Temp\
[10-10 19:13:34,083] INFO  [main][] -  [org.apache.zookeeper.ZooKeeper][98] - Client environment:java.compiler=<NA>
[10-10 19:13:34,083] INFO  [main][] -  [org.apache.zookeeper.ZooKeeper][98] - Client environment:os.name=Windows 10
[10-10 19:13:34,083] INFO  [main][] -  [org.apache.zookeeper.ZooKeeper][98] - Client environment:os.arch=amd64
[10-10 19:13:34,084] INFO  [main][] -  [org.apache.zookeeper.ZooKeeper][98] - Client environment:os.version=10.0
[10-10 19:13:34,084] INFO  [main][] -  [org.apache.zookeeper.ZooKeeper][98] - Client environment:user.name=luwfl
[10-10 19:13:34,084] INFO  [main][] -  [org.apache.zookeeper.ZooKeeper][98] - Client environment:user.home=C:\Users\luwfl
[10-10 19:13:34,084] INFO  [main][] -  [org.apache.zookeeper.ZooKeeper][98] - Client environment:user.dir=C:\workspace\luwfls\dubbo-d-monitor
[10-10 19:13:34,085] INFO  [main][] -  [org.apache.zookeeper.ZooKeeper][433] - Initiating client connection, connectString=192.168.102.128:2181 sessionTimeout=30000 watcher=org.I0Itec.zkclient.ZkClient@b93aad
[10-10 19:13:34,099] INFO  [ndThread()][] -  [org.apache.zookeeper.ClientCnxn][933] - Opening socket connection to server /192.168.102.128:2181
[10-10 19:13:38,710] INFO  [.128:2181)][] -  [org.apache.zookeeper.client.ZooKeeperSaslClient][125] - Client will not SASL-authenticate because the default JAAS configuration section 'Client' could not be found. If you are not using SASL, you may ignore this. On the other hand, if you expected SASL to work, please fix your JAAS configuration.
[10-10 19:13:38,711] INFO  [.128:2181)][] -  [org.apache.zookeeper.ClientCnxn][846] - Socket connection established to 192.168.102.128/192.168.102.128:2181, initiating session
[10-10 19:13:38,800] INFO  [.128:2181)][] -  [org.apache.zookeeper.ClientCnxn][1175] - Session establishment complete on server 192.168.102.128/192.168.102.128:2181, sessionid = 0x15ecd7a0e050043, negotiated timeout = 30000
[10-10 19:13:39,451] INFO  [main][] -  [/][2040] - Set web app root system property: 'webapp.root' = [C:\workspace\luwfls\dubbo-d-monitor\web\src\main\webapp]
[10-10 19:13:39,452] INFO  [main][] -  [/][2040] - Initializing Logback from [classpath:logback.xml]
[10-10 19:13:39,471] INFO  [main][] -  [/][2040] - JUL to SLF4J bridge is not available on the classpath
[10-10 19:13:39,576] INFO  [main][] -  [/][2040] - Initializing Spring FrameworkServlet 'springServlet'
[10-10 19:13:41,200] ERROR [main][] -  [com.ants.monitor.common.redis.RedisDataSourceImpl][32] - getRedisClent error
redis.clients.jedis.exceptions.JedisConnectionException: Could not get a resource from the pool
	at redis.clients.util.Pool.getResource(Pool.java:50) ~[jedis-2.7.2.jar:na]
	at redis.clients.jedis.ShardedJedisPool.getResource(ShardedJedisPool.java:36) ~[jedis-2.7.2.jar:na]
	at com.ants.monitor.common.redis.RedisDataSourceImpl.getRedisClient(RedisDataSourceImpl.java:29) ~[classes/:na]
	at com.ants.monitor.common.redis.RedisClientTemplateImpl.get(RedisClientTemplateImpl.java:183) [classes/:na]
	at com.ants.monitor.common.redis.RedisClientTemplateImpl.lazyGet(RedisClientTemplateImpl.java:34) [classes/:na]
	at com.ants.monitor.dao.redisManager.AppChangeRedisManagerImpl.getChangeAppCache(AppChangeRedisManagerImpl.java:83) [classes/:na]
	at com.ants.monitor.biz.support.service.AppChangeServiceImpl.getChangeAppCache(AppChangeServiceImpl.java:93) [classes/:na]
	at com.ants.monitor.biz.dubboService.RegistryContainerImpl.initRedisChangeAppCaChe(RegistryContainerImpl.java:84) [classes/:na]
	at com.ants.monitor.biz.support.processor.RegistryContainerProcessor.onApplicationEvent(RegistryContainerProcessor.java:32) [classes/:na]
	at com.ants.monitor.biz.support.processor.RegistryContainerProcessor.onApplicationEvent(RegistryContainerProcessor.java:14) [classes/:na]
	at org.springframework.context.event.SimpleApplicationEventMulticaster.multicastEvent(SimpleApplicationEventMulticaster.java:98) [spring-context-4.0.5.RELEASE.jar:4.0.5.RELEASE]
	at org.springframework.context.support.AbstractApplicationContext.publishEvent(AbstractApplicationContext.java:333) [spring-context-4.0.5.RELEASE.jar:4.0.5.RELEASE]
	at org.springframework.context.support.AbstractApplicationContext.publishEvent(AbstractApplicationContext.java:335) [spring-context-4.0.5.RELEASE.jar:4.0.5.RELEASE]
	at org.springframework.context.support.AbstractApplicationContext.finishRefresh(AbstractApplicationContext.java:776) [spring-context-4.0.5.RELEASE.jar:4.0.5.RELEASE]
	at org.springframework.context.support.AbstractApplicationContext.refresh(AbstractApplicationContext.java:485) [spring-context-4.0.5.RELEASE.jar:4.0.5.RELEASE]
	at org.springframework.web.servlet.FrameworkServlet.configureAndRefreshWebApplicationContext(FrameworkServlet.java:658) [spring-webmvc-4.0.5.RELEASE.jar:4.0.5.RELEASE]
	at org.springframework.web.servlet.FrameworkServlet.createWebApplicationContext(FrameworkServlet.java:624) [spring-webmvc-4.0.5.RELEASE.jar:4.0.5.RELEASE]
	at org.springframework.web.servlet.FrameworkServlet.createWebApplicationContext(FrameworkServlet.java:672) [spring-webmvc-4.0.5.RELEASE.jar:4.0.5.RELEASE]
	at org.springframework.web.servlet.FrameworkServlet.initWebApplicationContext(FrameworkServlet.java:543) [spring-webmvc-4.0.5.RELEASE.jar:4.0.5.RELEASE]
	at org.springframework.web.servlet.FrameworkServlet.initServletBean(FrameworkServlet.java:484) [spring-webmvc-4.0.5.RELEASE.jar:4.0.5.RELEASE]
	at org.springframework.web.servlet.HttpServletBean.init(HttpServletBean.java:136) [spring-webmvc-4.0.5.RELEASE.jar:4.0.5.RELEASE]
	at javax.servlet.GenericServlet.init(GenericServlet.java:244) [javaee-api-7.0.jar:na]
	at org.eclipse.jetty.servlet.ServletHolder.initServlet(ServletHolder.java:532) [jetty-all-8.1.16.v20140903.jar:8.1.16.v20140903]
	at org.eclipse.jetty.servlet.ServletHolder.doStart(ServletHolder.java:344) [jetty-all-8.1.16.v20140903.jar:8.1.16.v20140903]
	at org.eclipse.jetty.util.component.AbstractLifeCycle.start(AbstractLifeCycle.java:64) [jetty-all-8.1.16.v20140903.jar:8.1.16.v20140903]
	at org.eclipse.jetty.servlet.ServletHandler.initialize(ServletHandler.java:791) [jetty-all-8.1.16.v20140903.jar:8.1.16.v20140903]
	at org.eclipse.jetty.servlet.ServletContextHandler.startContext(ServletContextHandler.java:265) [jetty-all-8.1.16.v20140903.jar:8.1.16.v20140903]
	at org.eclipse.jetty.webapp.WebAppContext.startContext(WebAppContext.java:1242) [jetty-all-8.1.16.v20140903.jar:8.1.16.v20140903]
	at org.eclipse.jetty.server.handler.ContextHandler.doStart(ContextHandler.java:717) [jetty-all-8.1.16.v20140903.jar:8.1.16.v20140903]
	at org.eclipse.jetty.webapp.WebAppContext.doStart(WebAppContext.java:494) [jetty-all-8.1.16.v20140903.jar:8.1.16.v20140903]
	at org.eclipse.jetty.util.component.AbstractLifeCycle.start(AbstractLifeCycle.java:64) [jetty-all-8.1.16.v20140903.jar:8.1.16.v20140903]
	at org.eclipse.jetty.server.handler.HandlerWrapper.doStart(HandlerWrapper.java:95) [jetty-all-8.1.16.v20140903.jar:8.1.16.v20140903]
	at org.eclipse.jetty.server.Server.doStart(Server.java:282) [jetty-all-8.1.16.v20140903.jar:8.1.16.v20140903]
	at org.eclipse.jetty.util.component.AbstractLifeCycle.start(AbstractLifeCycle.java:64) [jetty-all-8.1.16.v20140903.jar:8.1.16.v20140903]
	at AntsMonitorServer.main(AntsMonitorServer.java:21) [test-classes/:na]
Caused by: java.util.NoSuchElementException: Unable to validate object
	at org.apache.commons.pool2.impl.GenericObjectPool.borrowObject(GenericObjectPool.java:506) ~[commons-pool2-2.3.jar:2.3]
	at org.apache.commons.pool2.impl.GenericObjectPool.borrowObject(GenericObjectPool.java:363) ~[commons-pool2-2.3.jar:2.3]
	at redis.clients.util.Pool.getResource(Pool.java:48) ~[jedis-2.7.2.jar:na]
	... 34 common frames omitted
[10-10 19:13:41,230] INFO  [main][] -  [org.eclipse.jetty.server.AbstractConnector][338] - Started SelectChannelConnector@0.0.0.0:9020
[10-10 19:31:03,335] INFO  [main][] -  [org.eclipse.jetty.server.Server][272] - jetty-8.1.16.v20140903
[10-10 19:31:03,474] INFO  [main][] -  [org.eclipse.jetty.webapp.StandardDescriptorProcessor][284] - NO JSP Support for /, did not find org.apache.jasper.servlet.JspServlet
[10-10 19:31:03,609] INFO  [main][] -  [/][2040] - Initializing Spring root WebApplicationContext
[10-10 19:31:07,547] INFO  [main][] -  [org.apache.zookeeper.ZooKeeper][98] - Client environment:zookeeper.version=3.4.3-1240972, built on 02/06/2012 10:48 GMT
[10-10 19:31:07,547] INFO  [main][] -  [org.apache.zookeeper.ZooKeeper][98] - Client environment:host.name=192.168.102.1
[10-10 19:31:07,547] INFO  [main][] -  [org.apache.zookeeper.ZooKeeper][98] - Client environment:java.version=1.8.0_144
[10-10 19:31:07,547] INFO  [main][] -  [org.apache.zookeeper.ZooKeeper][98] - Client environment:java.vendor=Oracle Corporation
[10-10 19:31:07,547] INFO  [main][] -  [org.apache.zookeeper.ZooKeeper][98] - Client environment:java.home=C:\develop\Java\jdk1.8.0_144\jre
[10-10 19:31:07,548] INFO  [main][] -  [org.apache.zookeeper.ZooKeeper][98] - Client environment:java.class.path=C:\develop\Java\jdk1.8.0_144\jre\lib\charsets.jar;C:\develop\Java\jdk1.8.0_144\jre\lib\deploy.jar;C:\develop\Java\jdk1.8.0_144\jre\lib\ext\access-bridge-64.jar;C:\develop\Java\jdk1.8.0_144\jre\lib\ext\cldrdata.jar;C:\develop\Java\jdk1.8.0_144\jre\lib\ext\dnsns.jar;C:\develop\Java\jdk1.8.0_144\jre\lib\ext\jaccess.jar;C:\develop\Java\jdk1.8.0_144\jre\lib\ext\jfxrt.jar;C:\develop\Java\jdk1.8.0_144\jre\lib\ext\localedata.jar;C:\develop\Java\jdk1.8.0_144\jre\lib\ext\nashorn.jar;C:\develop\Java\jdk1.8.0_144\jre\lib\ext\sunec.jar;C:\develop\Java\jdk1.8.0_144\jre\lib\ext\sunjce_provider.jar;C:\develop\Java\jdk1.8.0_144\jre\lib\ext\sunmscapi.jar;C:\develop\Java\jdk1.8.0_144\jre\lib\ext\sunpkcs11.jar;C:\develop\Java\jdk1.8.0_144\jre\lib\ext\zipfs.jar;C:\develop\Java\jdk1.8.0_144\jre\lib\javaws.jar;C:\develop\Java\jdk1.8.0_144\jre\lib\jce.jar;C:\develop\Java\jdk1.8.0_144\jre\lib\jfr.jar;C:\develop\Java\jdk1.8.0_144\jre\lib\jfxswt.jar;C:\develop\Java\jdk1.8.0_144\jre\lib\jsse.jar;C:\develop\Java\jdk1.8.0_144\jre\lib\management-agent.jar;C:\develop\Java\jdk1.8.0_144\jre\lib\plugin.jar;C:\develop\Java\jdk1.8.0_144\jre\lib\resources.jar;C:\develop\Java\jdk1.8.0_144\jre\lib\rt.jar;C:\workspace\luwfls\dubbo-d-monitor\web\target\test-classes;C:\workspace\luwfls\dubbo-d-monitor\web\target\classes;C:\Users\luwfl\.m2\repository\junit\junit\4.12\junit-4.12.jar;C:\Users\luwfl\.m2\repository\org\hamcrest\hamcrest-core\1.3\hamcrest-core-1.3.jar;C:\workspace\luwfls\dubbo-d-monitor\biz\target\classes;C:\Users\luwfl\.m2\repository\org\slf4j\slf4j-api\1.7.7\slf4j-api-1.7.7.jar;C:\workspace\luwfls\dubbo-d-monitor\dao\target\classes;C:\workspace\luwfls\dubbo-d-monitor\common\target\classes;C:\Users\luwfl\.m2\repository\redis\clients\jedis\2.7.2\jedis-2.7.2.jar;C:\Users\luwfl\.m2\repository\org\apache\commons\commons-pool2\2.3\commons-pool2-2.3.jar;C:\Users\luwfl\.m2\repository\org\projectlombok\lombok\1.12.6\lombok-1.12.6.jar;C:\Users\luwfl\.m2\repository\org\codehaus\jackson\jackson-mapper-asl\1.9.13\jackson-mapper-asl-1.9.13.jar;C:\Users\luwfl\.m2\repository\org\codehaus\jackson\jackson-core-asl\1.9.13\jackson-core-asl-1.9.13.jar;C:\Users\luwfl\.m2\repository\com\alibaba\dubbo\2.5.3\dubbo-2.5.3.jar;C:\Users\luwfl\.m2\repository\org\javassist\javassist\3.15.0-GA\javassist-3.15.0-GA.jar;C:\workspace\luwfls\dubbo-d-monitor\bean\target\classes;C:\Users\luwfl\.m2\repository\org\mybatis\mybatis\3.2.6\mybatis-3.2.6.jar;C:\Users\luwfl\.m2\repository\org\mybatis\mybatis-spring\1.2.2\mybatis-spring-1.2.2.jar;C:\Users\luwfl\.m2\repository\mysql\mysql-connector-java\5.1.30\mysql-connector-java-5.1.30.jar;C:\Users\luwfl\.m2\repository\org\springframework\spring-tx\4.0.5.RELEASE\spring-tx-4.0.5.RELEASE.jar;C:\Users\luwfl\.m2\repository\com\google\guava\guava\18.0\guava-18.0.jar;C:\Users\luwfl\.m2\repository\javax\javaee-api\7.0\javaee-api-7.0.jar;C:\Users\luwfl\.m2\repository\com\sun\mail\javax.mail\1.5.0\javax.mail-1.5.0.jar;C:\Users\luwfl\.m2\repository\javax\activation\activation\1.1\activation-1.1.jar;C:\Users\luwfl\.m2\repository\javax\servlet\servlet-api\2.5\servlet-api-2.5.jar;C:\Users\luwfl\.m2\repository\org\springframework\spring-web\4.0.5.RELEASE\spring-web-4.0.5.RELEASE.jar;C:\Users\luwfl\.m2\repository\org\springframework\spring-aop\4.0.5.RELEASE\spring-aop-4.0.5.RELEASE.jar;C:\Users\luwfl\.m2\repository\aopalliance\aopalliance\1.0\aopalliance-1.0.jar;C:\Users\luwfl\.m2\repository\org\springframework\spring-beans\4.0.5.RELEASE\spring-beans-4.0.5.RELEASE.jar;C:\Users\luwfl\.m2\repository\org\springframework\spring-context\4.0.5.RELEASE\spring-context-4.0.5.RELEASE.jar;C:\Users\luwfl\.m2\repository\org\springframework\spring-core\4.0.5.RELEASE\spring-core-4.0.5.RELEASE.jar;C:\Users\luwfl\.m2\repository\commons-logging\commons-logging\1.1.3\commons-logging-1.1.3.jar;C:\Users\luwfl\.m2\repository\org\springframework\spring-webmvc\4.0.5.RELEASE\spring-webmvc-4.0.5.RELEASE.jar;C:\Users\luwfl\.m2\repository\org\springframework\spring-expression\4.0.5.RELEASE\spring-expression-4.0.5.RELEASE.jar;C:\Users\luwfl\.m2\repository\org\springframework\spring-test\4.0.5.RELEASE\spring-test-4.0.5.RELEASE.jar;C:\Users\luwfl\.m2\repository\org\springframework\spring-jdbc\4.0.5.RELEASE\spring-jdbc-4.0.5.RELEASE.jar;C:\Users\luwfl\.m2\repository\com\alibaba\druid\1.0.15\druid-1.0.15.jar;C:\develop\Java\jdk1.8.0_144\lib\jconsole.jar;C:\develop\Java\jdk1.8.0_144\lib\tools.jar;C:\Users\luwfl\.m2\repository\com\fasterxml\jackson\core\jackson-core\2.1.0\jackson-core-2.1.0.jar;C:\Users\luwfl\.m2\repository\com\fasterxml\jackson\core\jackson-databind\2.1.0\jackson-databind-2.1.0.jar;C:\Users\luwfl\.m2\repository\com\fasterxml\jackson\core\jackson-annotations\2.1.0\jackson-annotations-2.1.0.jar;C:\Users\luwfl\.m2\repository\org\eclipse\jetty\aggregate\jetty-all\8.1.16.v20140903\jetty-all-8.1.16.v20140903.jar;C:\Users\luwfl\.m2\repository\org\eclipse\jetty\orbit\javax.servlet\3.0.0.v201112011016\javax.servlet-3.0.0.v201112011016.jar;C:\Users\luwfl\.m2\repository\org\eclipse\jetty\jetty-webapp\8.1.16.v20140903\jetty-webapp-8.1.16.v20140903.jar;C:\Users\luwfl\.m2\repository\org\eclipse\jetty\jetty-xml\8.1.16.v20140903\jetty-xml-8.1.16.v20140903.jar;C:\Users\luwfl\.m2\repository\org\eclipse\jetty\jetty-util\8.1.16.v20140903\jetty-util-8.1.16.v20140903.jar;C:\Users\luwfl\.m2\repository\org\eclipse\jetty\jetty-servlet\8.1.16.v20140903\jetty-servlet-8.1.16.v20140903.jar;C:\Users\luwfl\.m2\repository\org\eclipse\jetty\jetty-security\8.1.16.v20140903\jetty-security-8.1.16.v20140903.jar;C:\Users\luwfl\.m2\repository\org\eclipse\jetty\jetty-server\8.1.16.v20140903\jetty-server-8.1.16.v20140903.jar;C:\Users\luwfl\.m2\repository\org\eclipse\jetty\jetty-continuation\8.1.16.v20140903\jetty-continuation-8.1.16.v20140903.jar;C:\Users\luwfl\.m2\repository\org\eclipse\jetty\jetty-http\8.1.16.v20140903\jetty-http-8.1.16.v20140903.jar;C:\Users\luwfl\.m2\repository\org\eclipse\jetty\jetty-io\8.1.16.v20140903\jetty-io-8.1.16.v20140903.jar;C:\Users\luwfl\.m2\repository\ch\qos\logback\logback-core\1.1.2\logback-core-1.1.2.jar;C:\Users\luwfl\.m2\repository\org\logback-extensions\logback-ext-spring\0.1.2\logback-ext-spring-0.1.2.jar;C:\Users\luwfl\.m2\repository\ch\qos\logback\logback-classic\1.1.3\logback-classic-1.1.3.jar;C:\Users\luwfl\.m2\repository\org\slf4j\jcl-over-slf4j\1.7.12\jcl-over-slf4j-1.7.12.jar;C:\Users\luwfl\.m2\repository\com\101tec\zkclient\0.5\zkclient-0.5.jar;C:\Users\luwfl\.m2\repository\log4j\log4j\1.2.15\log4j-1.2.15.jar;C:\Users\luwfl\.m2\repository\javax\mail\mail\1.4\mail-1.4.jar;C:\Users\luwfl\.m2\repository\org\apache\zookeeper\zookeeper\3.4.3\zookeeper-3.4.3.jar;C:\Users\luwfl\.m2\repository\jline\jline\0.9.94\jline-0.9.94.jar;C:\Users\luwfl\.m2\repository\org\jboss\netty\netty\3.2.2.Final\netty-3.2.2.Final.jar;C:\Users\luwfl\.m2\repository\org\freemarker\freemarker\2.3.20\freemarker-2.3.20.jar;C:\Users\luwfl\.m2\repository\org\springframework\spring-context-support\4.0.5.RELEASE\spring-context-support-4.0.5.RELEASE.jar;C:\develop\JetBrains\IntelliJ IDEA 2017.2.4\lib\idea_rt.jar
[10-10 19:31:07,552] INFO  [main][] -  [org.apache.zookeeper.ZooKeeper][98] - Client environment:java.library.path=C:\develop\Java\jdk1.8.0_144\bin;C:\Windows\Sun\Java\bin;C:\Windows\system32;C:\Windows;C:\ProgramData\Oracle\Java\javapath;C:\Program Files (x86)\Intel\iCLS Client\;C:\Program Files\Intel\iCLS Client\;C:\Windows\system32;C:\Windows;C:\Windows\System32\Wbem;C:\Windows\System32\WindowsPowerShell\v1.0\;C:\Program Files (x86)\Intel\Intel(R) Management Engine Components\DAL;C:\Program Files\Intel\Intel(R) Management Engine Components\DAL;C:\Program Files (x86)\Intel\Intel(R) Management Engine Components\IPT;C:\Program Files\Intel\Intel(R) Management Engine Components\IPT;C:\Program Files (x86)\NVIDIA Corporation\PhysX\Common;C:\develop\Git\cmd;C:\develop\Git\mingw64\bin;C:\develop\Git\usr\bin;C:\Program Files\TortoiseSVN\bin;C:\Users\luwfl\AppData\Local\Microsoft\WindowsApps;;.
[10-10 19:31:07,552] INFO  [main][] -  [org.apache.zookeeper.ZooKeeper][98] - Client environment:java.io.tmpdir=C:\Users\luwfl\AppData\Local\Temp\
[10-10 19:31:07,552] INFO  [main][] -  [org.apache.zookeeper.ZooKeeper][98] - Client environment:java.compiler=<NA>
[10-10 19:31:07,553] INFO  [main][] -  [org.apache.zookeeper.ZooKeeper][98] - Client environment:os.name=Windows 10
[10-10 19:31:07,553] INFO  [main][] -  [org.apache.zookeeper.ZooKeeper][98] - Client environment:os.arch=amd64
[10-10 19:31:07,553] INFO  [main][] -  [org.apache.zookeeper.ZooKeeper][98] - Client environment:os.version=10.0
[10-10 19:31:07,553] INFO  [main][] -  [org.apache.zookeeper.ZooKeeper][98] - Client environment:user.name=luwfl
[10-10 19:31:07,553] INFO  [main][] -  [org.apache.zookeeper.ZooKeeper][98] - Client environment:user.home=C:\Users\luwfl
[10-10 19:31:07,553] INFO  [main][] -  [org.apache.zookeeper.ZooKeeper][98] - Client environment:user.dir=C:\workspace\luwfls\dubbo-d-monitor
[10-10 19:31:07,555] INFO  [main][] -  [org.apache.zookeeper.ZooKeeper][433] - Initiating client connection, connectString=192.168.102.128:2181 sessionTimeout=30000 watcher=org.I0Itec.zkclient.ZkClient@b93aad
[10-10 19:31:07,567] INFO  [ndThread()][] -  [org.apache.zookeeper.ClientCnxn][933] - Opening socket connection to server /192.168.102.128:2181
[10-10 19:31:07,571] INFO  [.128:2181)][] -  [org.apache.zookeeper.client.ZooKeeperSaslClient][125] - Client will not SASL-authenticate because the default JAAS configuration section 'Client' could not be found. If you are not using SASL, you may ignore this. On the other hand, if you expected SASL to work, please fix your JAAS configuration.
[10-10 19:31:07,572] INFO  [.128:2181)][] -  [org.apache.zookeeper.ClientCnxn][846] - Socket connection established to 192.168.102.128/192.168.102.128:2181, initiating session
[10-10 19:31:07,602] INFO  [.128:2181)][] -  [org.apache.zookeeper.ClientCnxn][1175] - Session establishment complete on server 192.168.102.128/192.168.102.128:2181, sessionid = 0x15ecd7a0e050044, negotiated timeout = 30000
[10-10 19:31:07,870] INFO  [main][] -  [/][2040] - Set web app root system property: 'webapp.root' = [C:\workspace\luwfls\dubbo-d-monitor\web\src\main\webapp]
[10-10 19:31:07,872] INFO  [main][] -  [/][2040] - Initializing Logback from [classpath:logback.xml]
[10-10 19:31:07,894] INFO  [main][] -  [/][2040] - JUL to SLF4J bridge is not available on the classpath
[10-10 19:31:07,943] INFO  [main][] -  [/][2040] - Initializing Spring FrameworkServlet 'springServlet'
[10-10 19:31:09,096] INFO  [main][] -  [org.eclipse.jetty.server.AbstractConnector][338] - Started SelectChannelConnector@0.0.0.0:9020
[10-10 19:42:01,128] DEBUG [5780336-37][] -  [com.ants.monitor.dao.mapper.InvokeDOMapper.selectByInvokeDO][139] - ==>  Preparing: select application, app_type, service, method, consumer_host, consumer_port, provider_host, provider_port, success, failure, elapsed, concurrent, max_elapsed, max_concurrent, invoke_date, invoke_hour, invoke_time from dubbo_invoke WHERE 1 = 1 and service = ? and method = ? and invoke_date = ? 
[10-10 19:42:01,366] DEBUG [5780336-37][] -  [com.ants.monitor.dao.mapper.InvokeDOMapper.selectByInvokeDO][139] - ==> Parameters: cn.luwfls.demo.dubbo.test.fascade.service.UserService(String), getUser(String), 2017-10-10(String)
[10-10 19:42:01,403] DEBUG [5780336-37][] -  [com.ants.monitor.dao.mapper.InvokeDOMapper.selectByInvokeDO][139] - <==      Total: 0
[10-10 19:42:04,313] DEBUG [5780336-34][] -  [com.ants.monitor.dao.mapper.InvokeDOMapper.selectByInvokeDO][139] - ==>  Preparing: select application, app_type, service, method, consumer_host, consumer_port, provider_host, provider_port, success, failure, elapsed, concurrent, max_elapsed, max_concurrent, invoke_date, invoke_hour, invoke_time from dubbo_invoke WHERE 1 = 1 and service = ? and method = ? and invoke_date = ? 
[10-10 19:42:04,315] DEBUG [5780336-34][] -  [com.ants.monitor.dao.mapper.InvokeDOMapper.selectByInvokeDO][139] - ==> Parameters: cn.luwfls.demo.dubbo.test.fascade.service.UserService(String), test(String), 2017-10-10(String)
[10-10 19:42:04,318] DEBUG [5780336-34][] -  [com.ants.monitor.dao.mapper.InvokeDOMapper.selectByInvokeDO][139] - <==      Total: 0
[10-10 19:42:08,028] DEBUG [5780336-34][] -  [com.ants.monitor.dao.mapper.InvokeDOMapper.selectByInvokeDO][139] - ==>  Preparing: select application, app_type, service, method, consumer_host, consumer_port, provider_host, provider_port, success, failure, elapsed, concurrent, max_elapsed, max_concurrent, invoke_date, invoke_hour, invoke_time from dubbo_invoke WHERE 1 = 1 and service = ? and method = ? and invoke_date = ? 
[10-10 19:42:08,028] DEBUG [5780336-34][] -  [com.ants.monitor.dao.mapper.InvokeDOMapper.selectByInvokeDO][139] - ==> Parameters: cn.luwfls.demo.dubbo.test.fascade.service.UserService(String), createUser(String), 2017-10-10(String)
[10-10 19:42:08,031] DEBUG [5780336-34][] -  [com.ants.monitor.dao.mapper.InvokeDOMapper.selectByInvokeDO][139] - <==      Total: 0
[10-10 19:42:20,545] DEBUG [5780336-32][] -  [com.ants.monitor.dao.mapper.InvokeDOMapper.selectByInvokeDO][139] - ==>  Preparing: select application, app_type, service, method, consumer_host, consumer_port, provider_host, provider_port, success, failure, elapsed, concurrent, max_elapsed, max_concurrent, invoke_date, invoke_hour, invoke_time from dubbo_invoke WHERE 1 = 1 and service = ? and method = ? and invoke_date = ? 
[10-10 19:42:20,545] DEBUG [5780336-32][] -  [com.ants.monitor.dao.mapper.InvokeDOMapper.selectByInvokeDO][139] - ==> Parameters: cn.luwfls.demo.dubbo.test.fascade.service.TestService(String), test(String), 2017-10-10(String)
[10-10 19:42:20,549] DEBUG [5780336-32][] -  [com.ants.monitor.dao.mapper.InvokeDOMapper.selectByInvokeDO][139] - <==      Total: 0
[10-10 19:42:25,778] DEBUG [5780336-37][] -  [com.ants.monitor.dao.mapper.InvokeDOMapper.selectByInvokeDO][139] - ==>  Preparing: select application, app_type, service, method, consumer_host, consumer_port, provider_host, provider_port, success, failure, elapsed, concurrent, max_elapsed, max_concurrent, invoke_date, invoke_hour, invoke_time from dubbo_invoke WHERE 1 = 1 and service = ? and method = ? and invoke_date = ? 
[10-10 19:42:25,778] DEBUG [5780336-37][] -  [com.ants.monitor.dao.mapper.InvokeDOMapper.selectByInvokeDO][139] - ==> Parameters: cn.luwfls.demo.dubbo.test.fascade.service.TestService(String), test(String), 2017-10-09(String)
[10-10 19:42:25,781] DEBUG [5780336-37][] -  [com.ants.monitor.dao.mapper.InvokeDOMapper.selectByInvokeDO][139] - <==      Total: 0
[10-10 19:42:26,958] DEBUG [5780336-32][] -  [com.ants.monitor.dao.mapper.InvokeDOMapper.selectByInvokeDO][139] - ==>  Preparing: select application, app_type, service, method, consumer_host, consumer_port, provider_host, provider_port, success, failure, elapsed, concurrent, max_elapsed, max_concurrent, invoke_date, invoke_hour, invoke_time from dubbo_invoke WHERE 1 = 1 and service = ? and method = ? and invoke_date = ? 
[10-10 19:42:26,959] DEBUG [5780336-32][] -  [com.ants.monitor.dao.mapper.InvokeDOMapper.selectByInvokeDO][139] - ==> Parameters: cn.luwfls.demo.dubbo.test.fascade.service.TestService(String), test(String), 2017-10-03(String)
[10-10 19:42:26,961] DEBUG [5780336-32][] -  [com.ants.monitor.dao.mapper.InvokeDOMapper.selectByInvokeDO][139] - <==      Total: 0
[10-10 19:42:26,964] DEBUG [5780336-32][] -  [com.ants.monitor.dao.mapper.InvokeDOMapper.selectByInvokeDO][139] - ==>  Preparing: select application, app_type, service, method, consumer_host, consumer_port, provider_host, provider_port, success, failure, elapsed, concurrent, max_elapsed, max_concurrent, invoke_date, invoke_hour, invoke_time from dubbo_invoke WHERE 1 = 1 and service = ? and method = ? and invoke_date = ? 
[10-10 19:42:26,964] DEBUG [5780336-32][] -  [com.ants.monitor.dao.mapper.InvokeDOMapper.selectByInvokeDO][139] - ==> Parameters: cn.luwfls.demo.dubbo.test.fascade.service.TestService(String), test(String), 2017-10-04(String)
[10-10 19:42:26,966] DEBUG [5780336-32][] -  [com.ants.monitor.dao.mapper.InvokeDOMapper.selectByInvokeDO][139] - <==      Total: 0
[10-10 19:42:26,972] DEBUG [5780336-32][] -  [com.ants.monitor.dao.mapper.InvokeDOMapper.selectByInvokeDO][139] - ==>  Preparing: select application, app_type, service, method, consumer_host, consumer_port, provider_host, provider_port, success, failure, elapsed, concurrent, max_elapsed, max_concurrent, invoke_date, invoke_hour, invoke_time from dubbo_invoke WHERE 1 = 1 and service = ? and method = ? and invoke_date = ? 
[10-10 19:42:26,972] DEBUG [5780336-32][] -  [com.ants.monitor.dao.mapper.InvokeDOMapper.selectByInvokeDO][139] - ==> Parameters: cn.luwfls.demo.dubbo.test.fascade.service.TestService(String), test(String), 2017-10-05(String)
[10-10 19:42:26,975] DEBUG [5780336-32][] -  [com.ants.monitor.dao.mapper.InvokeDOMapper.selectByInvokeDO][139] - <==      Total: 0
[10-10 19:42:26,985] DEBUG [5780336-32][] -  [com.ants.monitor.dao.mapper.InvokeDOMapper.selectByInvokeDO][139] - ==>  Preparing: select application, app_type, service, method, consumer_host, consumer_port, provider_host, provider_port, success, failure, elapsed, concurrent, max_elapsed, max_concurrent, invoke_date, invoke_hour, invoke_time from dubbo_invoke WHERE 1 = 1 and service = ? and method = ? and invoke_date = ? 
[10-10 19:42:26,985] DEBUG [5780336-32][] -  [com.ants.monitor.dao.mapper.InvokeDOMapper.selectByInvokeDO][139] - ==> Parameters: cn.luwfls.demo.dubbo.test.fascade.service.TestService(String), test(String), 2017-10-06(String)
[10-10 19:42:26,988] DEBUG [5780336-32][] -  [com.ants.monitor.dao.mapper.InvokeDOMapper.selectByInvokeDO][139] - <==      Total: 0
[10-10 19:42:26,992] DEBUG [5780336-32][] -  [com.ants.monitor.dao.mapper.InvokeDOMapper.selectByInvokeDO][139] - ==>  Preparing: select application, app_type, service, method, consumer_host, consumer_port, provider_host, provider_port, success, failure, elapsed, concurrent, max_elapsed, max_concurrent, invoke_date, invoke_hour, invoke_time from dubbo_invoke WHERE 1 = 1 and service = ? and method = ? and invoke_date = ? 
[10-10 19:42:26,992] DEBUG [5780336-32][] -  [com.ants.monitor.dao.mapper.InvokeDOMapper.selectByInvokeDO][139] - ==> Parameters: cn.luwfls.demo.dubbo.test.fascade.service.TestService(String), test(String), 2017-10-07(String)
[10-10 19:42:27,000] DEBUG [5780336-32][] -  [com.ants.monitor.dao.mapper.InvokeDOMapper.selectByInvokeDO][139] - <==      Total: 0
[10-10 19:42:27,006] DEBUG [5780336-32][] -  [com.ants.monitor.dao.mapper.InvokeDOMapper.selectByInvokeDO][139] - ==>  Preparing: select application, app_type, service, method, consumer_host, consumer_port, provider_host, provider_port, success, failure, elapsed, concurrent, max_elapsed, max_concurrent, invoke_date, invoke_hour, invoke_time from dubbo_invoke WHERE 1 = 1 and service = ? and method = ? and invoke_date = ? 
[10-10 19:42:27,023] DEBUG [5780336-32][] -  [com.ants.monitor.dao.mapper.InvokeDOMapper.selectByInvokeDO][139] - ==> Parameters: cn.luwfls.demo.dubbo.test.fascade.service.TestService(String), test(String), 2017-10-08(String)
[10-10 19:42:27,024] DEBUG [5780336-32][] -  [com.ants.monitor.dao.mapper.InvokeDOMapper.selectByInvokeDO][139] - <==      Total: 0
[10-10 19:44:22,553] INFO  [2.128:2181][] -  [com.ants.monitor.biz.support.service.AppChangeServiceImpl][76] - add:ApplicationChangeBO(host=192.168.102.1, port=0, appName=user_consumer, time=null, category=consumers, organization=, hostString=192.168.102.1, doType=null)
[10-10 19:44:29,999] INFO  [2.128:2181][] -  [com.ants.monitor.biz.support.service.AppChangeServiceImpl][59] - remove:ApplicationChangeBO(host=192.168.102.1, port=0, appName=user_consumer, time=null, category=consumers, organization=, hostString=192.168.102.1, doType=null)
[10-10 19:48:17,297] INFO  [2.128:2181][] -  [com.ants.monitor.biz.support.service.AppChangeServiceImpl][76] - add:ApplicationChangeBO(host=192.168.102.1, port=20880, appName=provider, time=null, category=providers, organization=, hostString=192.168.102.1:20880, doType=null)
[10-10 19:48:40,003] INFO  [2.128:2181][] -  [com.ants.monitor.biz.support.service.AppChangeServiceImpl][59] - remove:ApplicationChangeBO(host=192.168.102.1, port=20880, appName=provider, time=null, category=providers, organization=, hostString=192.168.102.1:20880, doType=null)
[10-10 19:51:21,510] DEBUG [5780336-36][] -  [com.ants.monitor.dao.mapper.InvokeDOMapper.selectByInvokeDO][139] - ==>  Preparing: select application, app_type, service, method, consumer_host, consumer_port, provider_host, provider_port, success, failure, elapsed, concurrent, max_elapsed, max_concurrent, invoke_date, invoke_hour, invoke_time from dubbo_invoke WHERE 1 = 1 and provider_host = ? and provider_port = ? 
[10-10 19:51:21,511] DEBUG [5780336-36][] -  [com.ants.monitor.dao.mapper.InvokeDOMapper.selectByInvokeDO][139] - ==> Parameters: 192.168.102.1(String), 20880(String)
[10-10 19:51:21,515] DEBUG [5780336-36][] -  [com.ants.monitor.dao.mapper.InvokeDOMapper.selectByInvokeDO][139] - <==      Total: 0
[10-10 20:03:43,282] INFO  [main][] -  [org.eclipse.jetty.server.Server][272] - jetty-8.1.16.v20140903
[10-10 20:03:43,465] INFO  [main][] -  [org.eclipse.jetty.webapp.StandardDescriptorProcessor][284] - NO JSP Support for /, did not find org.apache.jasper.servlet.JspServlet
[10-10 20:03:43,591] INFO  [main][] -  [/][2040] - Initializing Spring root WebApplicationContext
[10-10 20:03:48,690] INFO  [main][] -  [org.apache.zookeeper.ZooKeeper][98] - Client environment:zookeeper.version=3.4.3-1240972, built on 02/06/2012 10:48 GMT
[10-10 20:03:48,690] INFO  [main][] -  [org.apache.zookeeper.ZooKeeper][98] - Client environment:host.name=192.168.102.1
[10-10 20:03:48,690] INFO  [main][] -  [org.apache.zookeeper.ZooKeeper][98] - Client environment:java.version=1.8.0_144
[10-10 20:03:48,691] INFO  [main][] -  [org.apache.zookeeper.ZooKeeper][98] - Client environment:java.vendor=Oracle Corporation
[10-10 20:03:48,691] INFO  [main][] -  [org.apache.zookeeper.ZooKeeper][98] - Client environment:java.home=C:\develop\Java\jdk1.8.0_144\jre
[10-10 20:03:48,691] INFO  [main][] -  [org.apache.zookeeper.ZooKeeper][98] - Client environment:java.class.path=C:\develop\Java\jdk1.8.0_144\jre\lib\charsets.jar;C:\develop\Java\jdk1.8.0_144\jre\lib\deploy.jar;C:\develop\Java\jdk1.8.0_144\jre\lib\ext\access-bridge-64.jar;C:\develop\Java\jdk1.8.0_144\jre\lib\ext\cldrdata.jar;C:\develop\Java\jdk1.8.0_144\jre\lib\ext\dnsns.jar;C:\develop\Java\jdk1.8.0_144\jre\lib\ext\jaccess.jar;C:\develop\Java\jdk1.8.0_144\jre\lib\ext\jfxrt.jar;C:\develop\Java\jdk1.8.0_144\jre\lib\ext\localedata.jar;C:\develop\Java\jdk1.8.0_144\jre\lib\ext\nashorn.jar;C:\develop\Java\jdk1.8.0_144\jre\lib\ext\sunec.jar;C:\develop\Java\jdk1.8.0_144\jre\lib\ext\sunjce_provider.jar;C:\develop\Java\jdk1.8.0_144\jre\lib\ext\sunmscapi.jar;C:\develop\Java\jdk1.8.0_144\jre\lib\ext\sunpkcs11.jar;C:\develop\Java\jdk1.8.0_144\jre\lib\ext\zipfs.jar;C:\develop\Java\jdk1.8.0_144\jre\lib\javaws.jar;C:\develop\Java\jdk1.8.0_144\jre\lib\jce.jar;C:\develop\Java\jdk1.8.0_144\jre\lib\jfr.jar;C:\develop\Java\jdk1.8.0_144\jre\lib\jfxswt.jar;C:\develop\Java\jdk1.8.0_144\jre\lib\jsse.jar;C:\develop\Java\jdk1.8.0_144\jre\lib\management-agent.jar;C:\develop\Java\jdk1.8.0_144\jre\lib\plugin.jar;C:\develop\Java\jdk1.8.0_144\jre\lib\resources.jar;C:\develop\Java\jdk1.8.0_144\jre\lib\rt.jar;C:\workspace\luwfls\dubbo-d-monitor\web\target\test-classes;C:\workspace\luwfls\dubbo-d-monitor\web\target\classes;C:\Users\luwfl\.m2\repository\junit\junit\4.12\junit-4.12.jar;C:\Users\luwfl\.m2\repository\org\hamcrest\hamcrest-core\1.3\hamcrest-core-1.3.jar;C:\workspace\luwfls\dubbo-d-monitor\biz\target\classes;C:\Users\luwfl\.m2\repository\org\slf4j\slf4j-api\1.7.7\slf4j-api-1.7.7.jar;C:\workspace\luwfls\dubbo-d-monitor\dao\target\classes;C:\workspace\luwfls\dubbo-d-monitor\common\target\classes;C:\Users\luwfl\.m2\repository\redis\clients\jedis\2.7.2\jedis-2.7.2.jar;C:\Users\luwfl\.m2\repository\org\apache\commons\commons-pool2\2.3\commons-pool2-2.3.jar;C:\Users\luwfl\.m2\repository\org\projectlombok\lombok\1.12.6\lombok-1.12.6.jar;C:\Users\luwfl\.m2\repository\org\codehaus\jackson\jackson-mapper-asl\1.9.13\jackson-mapper-asl-1.9.13.jar;C:\Users\luwfl\.m2\repository\org\codehaus\jackson\jackson-core-asl\1.9.13\jackson-core-asl-1.9.13.jar;C:\Users\luwfl\.m2\repository\com\alibaba\dubbo\2.5.3\dubbo-2.5.3.jar;C:\Users\luwfl\.m2\repository\org\javassist\javassist\3.15.0-GA\javassist-3.15.0-GA.jar;C:\workspace\luwfls\dubbo-d-monitor\bean\target\classes;C:\Users\luwfl\.m2\repository\org\mybatis\mybatis\3.2.6\mybatis-3.2.6.jar;C:\Users\luwfl\.m2\repository\org\mybatis\mybatis-spring\1.2.2\mybatis-spring-1.2.2.jar;C:\Users\luwfl\.m2\repository\mysql\mysql-connector-java\5.1.30\mysql-connector-java-5.1.30.jar;C:\Users\luwfl\.m2\repository\org\springframework\spring-tx\4.0.5.RELEASE\spring-tx-4.0.5.RELEASE.jar;C:\Users\luwfl\.m2\repository\com\google\guava\guava\18.0\guava-18.0.jar;C:\Users\luwfl\.m2\repository\javax\javaee-api\7.0\javaee-api-7.0.jar;C:\Users\luwfl\.m2\repository\com\sun\mail\javax.mail\1.5.0\javax.mail-1.5.0.jar;C:\Users\luwfl\.m2\repository\javax\activation\activation\1.1\activation-1.1.jar;C:\Users\luwfl\.m2\repository\javax\servlet\servlet-api\2.5\servlet-api-2.5.jar;C:\Users\luwfl\.m2\repository\org\springframework\spring-web\4.0.5.RELEASE\spring-web-4.0.5.RELEASE.jar;C:\Users\luwfl\.m2\repository\org\springframework\spring-aop\4.0.5.RELEASE\spring-aop-4.0.5.RELEASE.jar;C:\Users\luwfl\.m2\repository\aopalliance\aopalliance\1.0\aopalliance-1.0.jar;C:\Users\luwfl\.m2\repository\org\springframework\spring-beans\4.0.5.RELEASE\spring-beans-4.0.5.RELEASE.jar;C:\Users\luwfl\.m2\repository\org\springframework\spring-context\4.0.5.RELEASE\spring-context-4.0.5.RELEASE.jar;C:\Users\luwfl\.m2\repository\org\springframework\spring-core\4.0.5.RELEASE\spring-core-4.0.5.RELEASE.jar;C:\Users\luwfl\.m2\repository\commons-logging\commons-logging\1.1.3\commons-logging-1.1.3.jar;C:\Users\luwfl\.m2\repository\org\springframework\spring-webmvc\4.0.5.RELEASE\spring-webmvc-4.0.5.RELEASE.jar;C:\Users\luwfl\.m2\repository\org\springframework\spring-expression\4.0.5.RELEASE\spring-expression-4.0.5.RELEASE.jar;C:\Users\luwfl\.m2\repository\org\springframework\spring-test\4.0.5.RELEASE\spring-test-4.0.5.RELEASE.jar;C:\Users\luwfl\.m2\repository\org\springframework\spring-jdbc\4.0.5.RELEASE\spring-jdbc-4.0.5.RELEASE.jar;C:\Users\luwfl\.m2\repository\com\alibaba\druid\1.0.15\druid-1.0.15.jar;C:\develop\Java\jdk1.8.0_144\lib\jconsole.jar;C:\develop\Java\jdk1.8.0_144\lib\tools.jar;C:\Users\luwfl\.m2\repository\com\fasterxml\jackson\core\jackson-core\2.1.0\jackson-core-2.1.0.jar;C:\Users\luwfl\.m2\repository\com\fasterxml\jackson\core\jackson-databind\2.1.0\jackson-databind-2.1.0.jar;C:\Users\luwfl\.m2\repository\com\fasterxml\jackson\core\jackson-annotations\2.1.0\jackson-annotations-2.1.0.jar;C:\Users\luwfl\.m2\repository\org\eclipse\jetty\aggregate\jetty-all\8.1.16.v20140903\jetty-all-8.1.16.v20140903.jar;C:\Users\luwfl\.m2\repository\org\eclipse\jetty\orbit\javax.servlet\3.0.0.v201112011016\javax.servlet-3.0.0.v201112011016.jar;C:\Users\luwfl\.m2\repository\org\eclipse\jetty\jetty-webapp\8.1.16.v20140903\jetty-webapp-8.1.16.v20140903.jar;C:\Users\luwfl\.m2\repository\org\eclipse\jetty\jetty-xml\8.1.16.v20140903\jetty-xml-8.1.16.v20140903.jar;C:\Users\luwfl\.m2\repository\org\eclipse\jetty\jetty-util\8.1.16.v20140903\jetty-util-8.1.16.v20140903.jar;C:\Users\luwfl\.m2\repository\org\eclipse\jetty\jetty-servlet\8.1.16.v20140903\jetty-servlet-8.1.16.v20140903.jar;C:\Users\luwfl\.m2\repository\org\eclipse\jetty\jetty-security\8.1.16.v20140903\jetty-security-8.1.16.v20140903.jar;C:\Users\luwfl\.m2\repository\org\eclipse\jetty\jetty-server\8.1.16.v20140903\jetty-server-8.1.16.v20140903.jar;C:\Users\luwfl\.m2\repository\org\eclipse\jetty\jetty-continuation\8.1.16.v20140903\jetty-continuation-8.1.16.v20140903.jar;C:\Users\luwfl\.m2\repository\org\eclipse\jetty\jetty-http\8.1.16.v20140903\jetty-http-8.1.16.v20140903.jar;C:\Users\luwfl\.m2\repository\org\eclipse\jetty\jetty-io\8.1.16.v20140903\jetty-io-8.1.16.v20140903.jar;C:\Users\luwfl\.m2\repository\ch\qos\logback\logback-core\1.1.2\logback-core-1.1.2.jar;C:\Users\luwfl\.m2\repository\org\logback-extensions\logback-ext-spring\0.1.2\logback-ext-spring-0.1.2.jar;C:\Users\luwfl\.m2\repository\ch\qos\logback\logback-classic\1.1.3\logback-classic-1.1.3.jar;C:\Users\luwfl\.m2\repository\org\slf4j\jcl-over-slf4j\1.7.12\jcl-over-slf4j-1.7.12.jar;C:\Users\luwfl\.m2\repository\com\101tec\zkclient\0.5\zkclient-0.5.jar;C:\Users\luwfl\.m2\repository\log4j\log4j\1.2.15\log4j-1.2.15.jar;C:\Users\luwfl\.m2\repository\javax\mail\mail\1.4\mail-1.4.jar;C:\Users\luwfl\.m2\repository\org\apache\zookeeper\zookeeper\3.4.3\zookeeper-3.4.3.jar;C:\Users\luwfl\.m2\repository\jline\jline\0.9.94\jline-0.9.94.jar;C:\Users\luwfl\.m2\repository\org\jboss\netty\netty\3.2.2.Final\netty-3.2.2.Final.jar;C:\Users\luwfl\.m2\repository\org\freemarker\freemarker\2.3.20\freemarker-2.3.20.jar;C:\Users\luwfl\.m2\repository\org\springframework\spring-context-support\4.0.5.RELEASE\spring-context-support-4.0.5.RELEASE.jar;C:\develop\JetBrains\IntelliJ IDEA 2017.2.4\lib\idea_rt.jar
[10-10 20:03:48,692] INFO  [main][] -  [org.apache.zookeeper.ZooKeeper][98] - Client environment:java.library.path=C:\develop\Java\jdk1.8.0_144\bin;C:\Windows\Sun\Java\bin;C:\Windows\system32;C:\Windows;C:\ProgramData\Oracle\Java\javapath;C:\Program Files (x86)\Intel\iCLS Client\;C:\Program Files\Intel\iCLS Client\;C:\Windows\system32;C:\Windows;C:\Windows\System32\Wbem;C:\Windows\System32\WindowsPowerShell\v1.0\;C:\Program Files (x86)\Intel\Intel(R) Management Engine Components\DAL;C:\Program Files\Intel\Intel(R) Management Engine Components\DAL;C:\Program Files (x86)\Intel\Intel(R) Management Engine Components\IPT;C:\Program Files\Intel\Intel(R) Management Engine Components\IPT;C:\Program Files (x86)\NVIDIA Corporation\PhysX\Common;C:\develop\Git\cmd;C:\develop\Git\mingw64\bin;C:\develop\Git\usr\bin;C:\Program Files\TortoiseSVN\bin;C:\Users\luwfl\AppData\Local\Microsoft\WindowsApps;;.
[10-10 20:03:48,692] INFO  [main][] -  [org.apache.zookeeper.ZooKeeper][98] - Client environment:java.io.tmpdir=C:\Users\luwfl\AppData\Local\Temp\
[10-10 20:03:48,692] INFO  [main][] -  [org.apache.zookeeper.ZooKeeper][98] - Client environment:java.compiler=<NA>
[10-10 20:03:48,693] INFO  [main][] -  [org.apache.zookeeper.ZooKeeper][98] - Client environment:os.name=Windows 10
[10-10 20:03:48,693] INFO  [main][] -  [org.apache.zookeeper.ZooKeeper][98] - Client environment:os.arch=amd64
[10-10 20:03:48,693] INFO  [main][] -  [org.apache.zookeeper.ZooKeeper][98] - Client environment:os.version=10.0
[10-10 20:03:48,694] INFO  [main][] -  [org.apache.zookeeper.ZooKeeper][98] - Client environment:user.name=luwfl
[10-10 20:03:48,694] INFO  [main][] -  [org.apache.zookeeper.ZooKeeper][98] - Client environment:user.home=C:\Users\luwfl
[10-10 20:03:48,694] INFO  [main][] -  [org.apache.zookeeper.ZooKeeper][98] - Client environment:user.dir=C:\workspace\luwfls\dubbo-d-monitor
[10-10 20:03:48,696] INFO  [main][] -  [org.apache.zookeeper.ZooKeeper][433] - Initiating client connection, connectString=172.16.100.201:2181 sessionTimeout=30000 watcher=org.I0Itec.zkclient.ZkClient@b93aad
[10-10 20:03:48,709] INFO  [ndThread()][] -  [org.apache.zookeeper.ClientCnxn][933] - Opening socket connection to server /172.16.100.201:2181
[10-10 20:03:53,222] INFO  [.201:2181)][] -  [org.apache.zookeeper.client.ZooKeeperSaslClient][125] - Client will not SASL-authenticate because the default JAAS configuration section 'Client' could not be found. If you are not using SASL, you may ignore this. On the other hand, if you expected SASL to work, please fix your JAAS configuration.
[10-10 20:03:53,226] INFO  [.201:2181)][] -  [org.apache.zookeeper.ClientCnxn][846] - Socket connection established to 172.16.100.201/172.16.100.201:2181, initiating session
[10-10 20:03:53,238] INFO  [.201:2181)][] -  [org.apache.zookeeper.ClientCnxn][1175] - Session establishment complete on server 172.16.100.201/172.16.100.201:2181, sessionid = 0x15ebd9c91210031, negotiated timeout = 30000
[10-10 20:03:53,478] INFO  [main][] -  [/][2040] - Set web app root system property: 'webapp.root' = [C:\workspace\luwfls\dubbo-d-monitor\web\src\main\webapp]
[10-10 20:03:53,479] INFO  [main][] -  [/][2040] - Initializing Logback from [classpath:logback.xml]
[10-10 20:03:53,500] INFO  [main][] -  [/][2040] - JUL to SLF4J bridge is not available on the classpath
[10-10 20:03:53,533] INFO  [main][] -  [/][2040] - Initializing Spring FrameworkServlet 'springServlet'
[10-10 20:03:55,138] INFO  [main][] -  [org.eclipse.jetty.server.AbstractConnector][338] - Started SelectChannelConnector@0.0.0.0:9020
[10-10 20:04:48,279] DEBUG [5780336-33][] -  [com.ants.monitor.dao.mapper.InvokeDOMapper.selectByInvokeDO][139] - ==>  Preparing: select application, app_type, service, method, consumer_host, consumer_port, provider_host, provider_port, success, failure, elapsed, concurrent, max_elapsed, max_concurrent, invoke_date, invoke_hour, invoke_time from dubbo_invoke WHERE 1 = 1 and service = ? and method = ? and invoke_date = ? 
[10-10 20:04:48,387] DEBUG [5780336-33][] -  [com.ants.monitor.dao.mapper.InvokeDOMapper.selectByInvokeDO][139] - ==> Parameters: com.shangde.ehr.service.biz.TigerService(String), querySalesDepartmentInfo(String), 2017-10-10(String)
[10-10 20:04:48,404] DEBUG [5780336-33][] -  [com.ants.monitor.dao.mapper.InvokeDOMapper.selectByInvokeDO][139] - <==      Total: 0
[10-10 20:04:52,028] DEBUG [5780336-33][] -  [com.ants.monitor.dao.mapper.InvokeDOMapper.selectByInvokeDO][139] - ==>  Preparing: select application, app_type, service, method, consumer_host, consumer_port, provider_host, provider_port, success, failure, elapsed, concurrent, max_elapsed, max_concurrent, invoke_date, invoke_hour, invoke_time from dubbo_invoke WHERE 1 = 1 and service = ? and method = ? and invoke_date = ? 
[10-10 20:04:52,028] DEBUG [5780336-33][] -  [com.ants.monitor.dao.mapper.InvokeDOMapper.selectByInvokeDO][139] - ==> Parameters: com.shangde.ehr.service.biz.TigerService(String), querySaleDeptOrgInfoBy263(String), 2017-10-10(String)
[10-10 20:04:52,030] DEBUG [5780336-33][] -  [com.ants.monitor.dao.mapper.InvokeDOMapper.selectByInvokeDO][139] - <==      Total: 0
[10-10 20:04:53,560] DEBUG [5780336-33][] -  [com.ants.monitor.dao.mapper.InvokeDOMapper.selectByInvokeDO][139] - ==>  Preparing: select application, app_type, service, method, consumer_host, consumer_port, provider_host, provider_port, success, failure, elapsed, concurrent, max_elapsed, max_concurrent, invoke_date, invoke_hour, invoke_time from dubbo_invoke WHERE 1 = 1 and service = ? and method = ? and invoke_date = ? 
[10-10 20:04:53,560] DEBUG [5780336-33][] -  [com.ants.monitor.dao.mapper.InvokeDOMapper.selectByInvokeDO][139] - ==> Parameters: com.shangde.ehr.service.biz.TigerService(String), queryOrgInfoBy263(String), 2017-10-10(String)
[10-10 20:04:53,562] DEBUG [5780336-33][] -  [com.ants.monitor.dao.mapper.InvokeDOMapper.selectByInvokeDO][139] - <==      Total: 0
[10-10 20:04:54,529] DEBUG [5780336-37][] -  [com.ants.monitor.dao.mapper.InvokeDOMapper.selectByInvokeDO][139] - ==>  Preparing: select application, app_type, service, method, consumer_host, consumer_port, provider_host, provider_port, success, failure, elapsed, concurrent, max_elapsed, max_concurrent, invoke_date, invoke_hour, invoke_time from dubbo_invoke WHERE 1 = 1 and service = ? and method = ? and invoke_date = ? 
[10-10 20:04:54,530] DEBUG [5780336-37][] -  [com.ants.monitor.dao.mapper.InvokeDOMapper.selectByInvokeDO][139] - ==> Parameters: com.shangde.ehr.service.biz.TigerService(String), queryApproverInfo(String), 2017-10-10(String)
[10-10 20:04:54,532] DEBUG [5780336-37][] -  [com.ants.monitor.dao.mapper.InvokeDOMapper.selectByInvokeDO][139] - <==      Total: 0
[10-10 20:04:55,428] DEBUG [5780336-32][] -  [com.ants.monitor.dao.mapper.InvokeDOMapper.selectByInvokeDO][139] - ==>  Preparing: select application, app_type, service, method, consumer_host, consumer_port, provider_host, provider_port, success, failure, elapsed, concurrent, max_elapsed, max_concurrent, invoke_date, invoke_hour, invoke_time from dubbo_invoke WHERE 1 = 1 and service = ? and method = ? and invoke_date = ? 
[10-10 20:04:55,429] DEBUG [5780336-32][] -  [com.ants.monitor.dao.mapper.InvokeDOMapper.selectByInvokeDO][139] - ==> Parameters: com.shangde.ehr.service.biz.TigerService(String), queryDivisionInfo(String), 2017-10-10(String)
[10-10 20:04:55,432] DEBUG [5780336-32][] -  [com.ants.monitor.dao.mapper.InvokeDOMapper.selectByInvokeDO][139] - <==      Total: 0
[10-10 20:04:56,016] DEBUG [5780336-35][] -  [com.ants.monitor.dao.mapper.InvokeDOMapper.selectByInvokeDO][139] - ==>  Preparing: select application, app_type, service, method, consumer_host, consumer_port, provider_host, provider_port, success, failure, elapsed, concurrent, max_elapsed, max_concurrent, invoke_date, invoke_hour, invoke_time from dubbo_invoke WHERE 1 = 1 and service = ? and method = ? and invoke_date = ? 
[10-10 20:04:56,017] DEBUG [5780336-35][] -  [com.ants.monitor.dao.mapper.InvokeDOMapper.selectByInvokeDO][139] - ==> Parameters: com.shangde.ehr.service.biz.TigerService(String), queryRoleInfoBy263(String), 2017-10-10(String)
[10-10 20:04:56,019] DEBUG [5780336-35][] -  [com.ants.monitor.dao.mapper.InvokeDOMapper.selectByInvokeDO][139] - <==      Total: 0
[10-10 20:04:56,756] DEBUG [5780336-37][] -  [com.ants.monitor.dao.mapper.InvokeDOMapper.selectByInvokeDO][139] - ==>  Preparing: select application, app_type, service, method, consumer_host, consumer_port, provider_host, provider_port, success, failure, elapsed, concurrent, max_elapsed, max_concurrent, invoke_date, invoke_hour, invoke_time from dubbo_invoke WHERE 1 = 1 and service = ? and method = ? and invoke_date = ? 
[10-10 20:04:56,756] DEBUG [5780336-37][] -  [com.ants.monitor.dao.mapper.InvokeDOMapper.selectByInvokeDO][139] - ==> Parameters: com.shangde.ehr.service.biz.TigerService(String), queryLegionInfoByDivisionId(String), 2017-10-10(String)
[10-10 20:04:56,757] DEBUG [5780336-37][] -  [com.ants.monitor.dao.mapper.InvokeDOMapper.selectByInvokeDO][139] - <==      Total: 0
[10-10 20:04:57,228] DEBUG [5780336-32][] -  [com.ants.monitor.dao.mapper.InvokeDOMapper.selectByInvokeDO][139] - ==>  Preparing: select application, app_type, service, method, consumer_host, consumer_port, provider_host, provider_port, success, failure, elapsed, concurrent, max_elapsed, max_concurrent, invoke_date, invoke_hour, invoke_time from dubbo_invoke WHERE 1 = 1 and service = ? and method = ? and invoke_date = ? 
[10-10 20:04:57,228] DEBUG [5780336-32][] -  [com.ants.monitor.dao.mapper.InvokeDOMapper.selectByInvokeDO][139] - ==> Parameters: com.shangde.ehr.service.biz.TigerService(String), querySaleDepartmentOrgInfoBy263(String), 2017-10-10(String)
[10-10 20:04:57,230] DEBUG [5780336-32][] -  [com.ants.monitor.dao.mapper.InvokeDOMapper.selectByInvokeDO][139] - <==      Total: 0
