[10-10 19:13:28,790] INFO  [main][] -  [org.springframework.web.context.ContextLoader][285] - Root WebApplicationContext: initialization started
[10-10 19:13:29,023] INFO  [main][] -  [org.springframework.web.context.support.XmlWebApplicationContext][513] - Refreshing Root WebApplicationContext: startup date [Tue Oct 10 19:13:29 CST 2017]; root of context hierarchy
[10-10 19:13:29,100] INFO  [main][] -  [org.springframework.beans.factory.xml.XmlBeanDefinitionReader][316] - Loading XML bean definitions from class path resource [conf/application-context.xml]
[10-10 19:13:29,372] INFO  [main][] -  [org.springframework.beans.factory.xml.XmlBeanDefinitionReader][316] - Loading XML bean definitions from class path resource [conf/properties.xml]
[10-10 19:13:29,593] INFO  [main][] -  [org.springframework.beans.factory.xml.XmlBeanDefinitionReader][316] - Loading XML bean definitions from class path resource [conf/application-mybatis.xml]
[10-10 19:13:29,611] INFO  [main][] -  [org.springframework.beans.factory.xml.XmlBeanDefinitionReader][316] - Loading XML bean definitions from class path resource [conf/application-dubbo.xml]
[10-10 19:13:29,748] INFO  [main][] -  [org.springframework.beans.factory.xml.XmlBeanDefinitionReader][316] - Loading XML bean definitions from class path resource [conf/application-tool.xml]
[10-10 19:13:29,781] INFO  [main][] -  [org.springframework.beans.factory.xml.XmlBeanDefinitionReader][316] - Loading XML bean definitions from class path resource [conf/application-redis.xml]
[10-10 19:13:30,177] INFO  [main][] -  [org.springframework.beans.factory.config.PropertyPlaceholderConfigurer][172] - Loading properties file from class path resource [application.properties]
[10-10 19:13:30,185] INFO  [main][] -  [org.springframework.beans.factory.annotation.AutowiredAnnotationBeanPostProcessor][141] - JSR-330 'javax.inject.Inject' annotation found and supported for autowiring
[10-10 19:13:39,437] INFO  [main][] -  [org.springframework.web.context.ContextLoader][325] - Root WebApplicationContext: initialization completed in 10647 ms
[10-10 19:13:39,576] INFO  [main][] -  [org.springframework.web.servlet.DispatcherServlet][479] - FrameworkServlet 'springServlet': initialization started
[10-10 19:13:39,579] INFO  [main][] -  [org.springframework.web.context.support.XmlWebApplicationContext][513] - Refreshing WebApplicationContext for namespace 'springServlet-servlet': startup date [Tue Oct 10 19:13:39 CST 2017]; parent: Root WebApplicationContext
[10-10 19:13:39,579] INFO  [main][] -  [org.springframework.beans.factory.xml.XmlBeanDefinitionReader][316] - Loading XML bean definitions from class path resource [spring-mvc.xml]
[10-10 19:13:39,736] INFO  [main][] -  [org.springframework.beans.factory.xml.XmlBeanDefinitionReader][316] - Loading XML bean definitions from class path resource [conf/properties.xml]
[10-10 19:13:39,815] INFO  [main][] -  [org.springframework.beans.factory.config.PropertyPlaceholderConfigurer][172] - Loading properties file from class path resource [application.properties]
[10-10 19:13:39,817] INFO  [main][] -  [org.springframework.beans.factory.annotation.AutowiredAnnotationBeanPostProcessor][141] - JSR-330 'javax.inject.Inject' annotation found and supported for autowiring
[10-10 19:13:40,016] INFO  [main][] -  [org.springframework.web.servlet.mvc.method.annotation.RequestMappingHandlerMapping][197] - Mapped "{[/monitor/common/getFinalTime],methods=[GET],params=[],headers=[],consumes=[],produces=[],custom=[]}" onto public com.ants.monitor.bean.ResultVO com.ants.monitor.controller.CommonController.getFinalTime()
[10-10 19:13:40,017] INFO  [main][] -  [org.springframework.web.servlet.mvc.method.annotation.RequestMappingHandlerMapping][197] - Mapped "{[/monitor/application/main],methods=[],params=[],headers=[],consumes=[],produces=[],custom=[]}" onto public org.springframework.web.servlet.ModelAndView com.ants.monitor.controller.show.ApplicationController.main()
[10-10 19:13:40,017] INFO  [main][] -  [org.springframework.web.servlet.mvc.method.annotation.RequestMappingHandlerMapping][197] - Mapped "{[/monitor/application/getAllAPPAndRelation],methods=[GET],params=[],headers=[],consumes=[],produces=[],custom=[]}" onto public com.ants.monitor.bean.ResultVO com.ants.monitor.controller.show.ApplicationController.getAllAPPAndRelation()
[10-10 19:13:40,017] INFO  [main][] -  [org.springframework.web.servlet.mvc.method.annotation.RequestMappingHandlerMapping][197] - Mapped "{[/monitor/application/getSuccessByConsumer],methods=[GET],params=[],headers=[],consumes=[],produces=[],custom=[]}" onto public com.ants.monitor.bean.ResultVO com.ants.monitor.controller.show.ApplicationController.getSuccessByConsumer(java.lang.String,java.lang.String)
[10-10 19:13:40,017] INFO  [main][] -  [org.springframework.web.servlet.mvc.method.annotation.RequestMappingHandlerMapping][197] - Mapped "{[/monitor/application/getSuccessByConsumerOnHour],methods=[GET],params=[],headers=[],consumes=[],produces=[],custom=[]}" onto public com.ants.monitor.bean.ResultVO com.ants.monitor.controller.show.ApplicationController.getSuccessByConsumerOnHour(java.lang.String,java.lang.String)
[10-10 19:13:40,017] INFO  [main][] -  [org.springframework.web.servlet.mvc.method.annotation.RequestMappingHandlerMapping][197] - Mapped "{[/monitor/application/getSuccessByConsumerOnDay],methods=[GET],params=[],headers=[],consumes=[],produces=[],custom=[]}" onto public com.ants.monitor.bean.ResultVO com.ants.monitor.controller.show.ApplicationController.getSuccessByConsumerOnDay(java.lang.String,java.lang.String)
[10-10 19:13:40,018] INFO  [main][] -  [org.springframework.web.servlet.mvc.method.annotation.RequestMappingHandlerMapping][197] - Mapped "{[/monitor/application/getMethodRanking],methods=[GET],params=[],headers=[],consumes=[],produces=[],custom=[]}" onto public com.ants.monitor.bean.ResultVO com.ants.monitor.controller.show.ApplicationController.getMethodRanking(java.lang.String)
[10-10 19:13:40,018] INFO  [main][] -  [org.springframework.web.servlet.mvc.method.annotation.RequestMappingHandlerMapping][197] - Mapped "{[/monitor/hosts/main],methods=[],params=[],headers=[],consumes=[],produces=[],custom=[]}" onto public org.springframework.web.servlet.ModelAndView com.ants.monitor.controller.show.HostController.main()
[10-10 19:13:40,018] INFO  [main][] -  [org.springframework.web.servlet.mvc.method.annotation.RequestMappingHandlerMapping][197] - Mapped "{[/monitor/hosts/getAllHostPage],methods=[GET],params=[],headers=[],consumes=[],produces=[],custom=[]}" onto public com.ants.monitor.bean.ResultVO com.ants.monitor.controller.show.HostController.getAllHostPage()
[10-10 19:13:40,019] INFO  [main][] -  [org.springframework.web.servlet.mvc.method.annotation.RequestMappingHandlerMapping][197] - Mapped "{[/monitor/dash/index],methods=[],params=[],headers=[],consumes=[],produces=[],custom=[]}" onto public org.springframework.web.servlet.ModelAndView com.ants.monitor.controller.show.IndexController.index()
[10-10 19:13:40,019] INFO  [main][] -  [org.springframework.web.servlet.mvc.method.annotation.RequestMappingHandlerMapping][197] - Mapped "{[/monitor/dash/main],methods=[],params=[],headers=[],consumes=[],produces=[],custom=[]}" onto public org.springframework.web.servlet.ModelAndView com.ants.monitor.controller.show.IndexController.main(javax.servlet.http.HttpServletRequest)
[10-10 19:13:40,019] INFO  [main][] -  [org.springframework.web.servlet.mvc.method.annotation.RequestMappingHandlerMapping][197] - Mapped "{[/monitor/dash/getMonthChangeData],methods=[GET],params=[],headers=[],consumes=[],produces=[],custom=[]}" onto public com.ants.monitor.bean.ResultVO com.ants.monitor.controller.show.IndexController.getMonthChangeData(java.lang.String,java.lang.String,java.lang.Integer,java.lang.Integer)
[10-10 19:13:40,019] INFO  [main][] -  [org.springframework.web.servlet.mvc.method.annotation.RequestMappingHandlerMapping][197] - Mapped "{[/monitor/services/main],methods=[],params=[],headers=[],consumes=[],produces=[],custom=[]}" onto public org.springframework.web.servlet.ModelAndView com.ants.monitor.controller.show.ServicesController.main()
[10-10 19:13:40,020] INFO  [main][] -  [org.springframework.web.servlet.mvc.method.annotation.RequestMappingHandlerMapping][197] - Mapped "{[/monitor/services/getAllService],methods=[GET],params=[],headers=[],consumes=[],produces=[],custom=[]}" onto public com.ants.monitor.bean.ResultVO com.ants.monitor.controller.show.ServicesController.getAllService()
[10-10 19:13:40,020] INFO  [main][] -  [org.springframework.web.servlet.mvc.method.annotation.RequestMappingHandlerMapping][197] - Mapped "{[/monitor/services/getMethodSumOneDay],methods=[GET],params=[],headers=[],consumes=[],produces=[],custom=[]}" onto public com.ants.monitor.bean.ResultVO com.ants.monitor.controller.show.ServicesController.getMethodSumOneDay(java.lang.String,java.lang.String,java.lang.String)
[10-10 19:13:40,020] INFO  [main][] -  [org.springframework.web.servlet.mvc.method.annotation.RequestMappingHandlerMapping][197] - Mapped "{[/monitor/testTask/testA],methods=[GET],params=[],headers=[],consumes=[],produces=[],custom=[]}" onto public void com.ants.monitor.controller.task.TestTaskController.test()
[10-10 19:13:40,021] INFO  [main][] -  [org.springframework.web.servlet.mvc.method.annotation.RequestMappingHandlerMapping][197] - Mapped "{[/rest/test/index],methods=[],params=[],headers=[],consumes=[],produces=[],custom=[]}" onto public org.springframework.web.servlet.ModelAndView com.ants.monitor.controller.TestController.index()
[10-10 19:13:40,021] INFO  [main][] -  [org.springframework.web.servlet.mvc.method.annotation.RequestMappingHandlerMapping][197] - Mapped "{[/rest/test/test],methods=[GET],params=[],headers=[],consumes=[],produces=[],custom=[]}" onto public com.ants.monitor.bean.ResultVO com.ants.monitor.controller.TestController.test()
[10-10 19:13:40,022] INFO  [main][] -  [org.springframework.web.servlet.mvc.method.annotation.RequestMappingHandlerMapping][197] - Mapped "{[/rest/test/registryContainer],methods=[GET],params=[],headers=[],consumes=[],produces=[],custom=[]}" onto public com.ants.monitor.bean.ResultVO com.ants.monitor.controller.TestController.registryContainer()
[10-10 19:13:40,022] INFO  [main][] -  [org.springframework.web.servlet.mvc.method.annotation.RequestMappingHandlerMapping][197] - Mapped "{[/rest/test/getIp],methods=[GET],params=[],headers=[],consumes=[],produces=[],custom=[]}" onto public com.ants.monitor.bean.ResultVO com.ants.monitor.controller.TestController.getIp(javax.servlet.http.HttpServletRequest,java.lang.String)
[10-10 19:13:40,675] INFO  [main][] -  [org.springframework.web.servlet.handler.SimpleUrlHandlerMapping][315] - Mapped URL path [/**] onto handler 'org.springframework.web.servlet.resource.DefaultServletHttpRequestHandler#0'
[10-10 19:13:41,011] INFO  [main][] -  [org.springframework.ui.freemarker.SpringTemplateLoader][61] - SpringTemplateLoader for FreeMarker: using resource loader [WebApplicationContext for namespace 'springServlet-servlet': startup date [Tue Oct 10 19:13:39 CST 2017]; parent: Root WebApplicationContext] and template loader path [/]
[10-10 19:13:41,012] INFO  [main][] -  [org.springframework.web.servlet.view.freemarker.FreeMarkerConfigurer][127] - ClassTemplateLoader for Spring macros added to FreeMarker configuration
[10-10 19:13:41,205] INFO  [main][] -  [org.springframework.web.servlet.DispatcherServlet][498] - FrameworkServlet 'springServlet': initialization completed in 1628 ms
[10-10 19:31:03,610] INFO  [main][] -  [org.springframework.web.context.ContextLoader][285] - Root WebApplicationContext: initialization started
[10-10 19:31:03,752] INFO  [main][] -  [org.springframework.web.context.support.XmlWebApplicationContext][513] - Refreshing Root WebApplicationContext: startup date [Tue Oct 10 19:31:03 CST 2017]; root of context hierarchy
[10-10 19:31:03,803] INFO  [main][] -  [org.springframework.beans.factory.xml.XmlBeanDefinitionReader][316] - Loading XML bean definitions from class path resource [conf/application-context.xml]
[10-10 19:31:03,946] INFO  [main][] -  [org.springframework.beans.factory.xml.XmlBeanDefinitionReader][316] - Loading XML bean definitions from class path resource [conf/properties.xml]
[10-10 19:31:04,519] INFO  [main][] -  [org.springframework.beans.factory.xml.XmlBeanDefinitionReader][316] - Loading XML bean definitions from class path resource [conf/application-mybatis.xml]
[10-10 19:31:04,542] INFO  [main][] -  [org.springframework.beans.factory.xml.XmlBeanDefinitionReader][316] - Loading XML bean definitions from class path resource [conf/application-dubbo.xml]
[10-10 19:31:04,615] INFO  [main][] -  [org.springframework.beans.factory.xml.XmlBeanDefinitionReader][316] - Loading XML bean definitions from class path resource [conf/application-tool.xml]
[10-10 19:31:04,651] INFO  [main][] -  [org.springframework.beans.factory.xml.XmlBeanDefinitionReader][316] - Loading XML bean definitions from class path resource [conf/application-redis.xml]
[10-10 19:31:04,903] INFO  [main][] -  [org.springframework.beans.factory.config.PropertyPlaceholderConfigurer][172] - Loading properties file from class path resource [application.properties]
[10-10 19:31:04,909] INFO  [main][] -  [org.springframework.beans.factory.annotation.AutowiredAnnotationBeanPostProcessor][141] - JSR-330 'javax.inject.Inject' annotation found and supported for autowiring
[10-10 19:31:07,867] INFO  [main][] -  [org.springframework.web.context.ContextLoader][325] - Root WebApplicationContext: initialization completed in 4257 ms
[10-10 19:31:07,943] INFO  [main][] -  [org.springframework.web.servlet.DispatcherServlet][479] - FrameworkServlet 'springServlet': initialization started
[10-10 19:31:07,953] INFO  [main][] -  [org.springframework.web.context.support.XmlWebApplicationContext][513] - Refreshing WebApplicationContext for namespace 'springServlet-servlet': startup date [Tue Oct 10 19:31:07 CST 2017]; parent: Root WebApplicationContext
[10-10 19:31:07,955] INFO  [main][] -  [org.springframework.beans.factory.xml.XmlBeanDefinitionReader][316] - Loading XML bean definitions from class path resource [spring-mvc.xml]
[10-10 19:31:08,047] INFO  [main][] -  [org.springframework.beans.factory.xml.XmlBeanDefinitionReader][316] - Loading XML bean definitions from class path resource [conf/properties.xml]
[10-10 19:31:08,140] INFO  [main][] -  [org.springframework.beans.factory.config.PropertyPlaceholderConfigurer][172] - Loading properties file from class path resource [application.properties]
[10-10 19:31:08,141] INFO  [main][] -  [org.springframework.beans.factory.annotation.AutowiredAnnotationBeanPostProcessor][141] - JSR-330 'javax.inject.Inject' annotation found and supported for autowiring
[10-10 19:31:08,293] INFO  [main][] -  [org.springframework.web.servlet.mvc.method.annotation.RequestMappingHandlerMapping][197] - Mapped "{[/monitor/common/getFinalTime],methods=[GET],params=[],headers=[],consumes=[],produces=[],custom=[]}" onto public com.ants.monitor.bean.ResultVO com.ants.monitor.controller.CommonController.getFinalTime()
[10-10 19:31:08,295] INFO  [main][] -  [org.springframework.web.servlet.mvc.method.annotation.RequestMappingHandlerMapping][197] - Mapped "{[/monitor/application/main],methods=[],params=[],headers=[],consumes=[],produces=[],custom=[]}" onto public org.springframework.web.servlet.ModelAndView com.ants.monitor.controller.show.ApplicationController.main()
[10-10 19:31:08,296] INFO  [main][] -  [org.springframework.web.servlet.mvc.method.annotation.RequestMappingHandlerMapping][197] - Mapped "{[/monitor/application/getMethodRanking],methods=[GET],params=[],headers=[],consumes=[],produces=[],custom=[]}" onto public com.ants.monitor.bean.ResultVO com.ants.monitor.controller.show.ApplicationController.getMethodRanking(java.lang.String)
[10-10 19:31:08,297] INFO  [main][] -  [org.springframework.web.servlet.mvc.method.annotation.RequestMappingHandlerMapping][197] - Mapped "{[/monitor/application/getSuccessByConsumerOnHour],methods=[GET],params=[],headers=[],consumes=[],produces=[],custom=[]}" onto public com.ants.monitor.bean.ResultVO com.ants.monitor.controller.show.ApplicationController.getSuccessByConsumerOnHour(java.lang.String,java.lang.String)
[10-10 19:31:08,297] INFO  [main][] -  [org.springframework.web.servlet.mvc.method.annotation.RequestMappingHandlerMapping][197] - Mapped "{[/monitor/application/getAllAPPAndRelation],methods=[GET],params=[],headers=[],consumes=[],produces=[],custom=[]}" onto public com.ants.monitor.bean.ResultVO com.ants.monitor.controller.show.ApplicationController.getAllAPPAndRelation()
[10-10 19:31:08,298] INFO  [main][] -  [org.springframework.web.servlet.mvc.method.annotation.RequestMappingHandlerMapping][197] - Mapped "{[/monitor/application/getSuccessByConsumer],methods=[GET],params=[],headers=[],consumes=[],produces=[],custom=[]}" onto public com.ants.monitor.bean.ResultVO com.ants.monitor.controller.show.ApplicationController.getSuccessByConsumer(java.lang.String,java.lang.String)
[10-10 19:31:08,298] INFO  [main][] -  [org.springframework.web.servlet.mvc.method.annotation.RequestMappingHandlerMapping][197] - Mapped "{[/monitor/application/getSuccessByConsumerOnDay],methods=[GET],params=[],headers=[],consumes=[],produces=[],custom=[]}" onto public com.ants.monitor.bean.ResultVO com.ants.monitor.controller.show.ApplicationController.getSuccessByConsumerOnDay(java.lang.String,java.lang.String)
[10-10 19:31:08,299] INFO  [main][] -  [org.springframework.web.servlet.mvc.method.annotation.RequestMappingHandlerMapping][197] - Mapped "{[/monitor/hosts/main],methods=[],params=[],headers=[],consumes=[],produces=[],custom=[]}" onto public org.springframework.web.servlet.ModelAndView com.ants.monitor.controller.show.HostController.main()
[10-10 19:31:08,300] INFO  [main][] -  [org.springframework.web.servlet.mvc.method.annotation.RequestMappingHandlerMapping][197] - Mapped "{[/monitor/hosts/getAllHostPage],methods=[GET],params=[],headers=[],consumes=[],produces=[],custom=[]}" onto public com.ants.monitor.bean.ResultVO com.ants.monitor.controller.show.HostController.getAllHostPage()
[10-10 19:31:08,301] INFO  [main][] -  [org.springframework.web.servlet.mvc.method.annotation.RequestMappingHandlerMapping][197] - Mapped "{[/monitor/dash/index],methods=[],params=[],headers=[],consumes=[],produces=[],custom=[]}" onto public org.springframework.web.servlet.ModelAndView com.ants.monitor.controller.show.IndexController.index()
[10-10 19:31:08,301] INFO  [main][] -  [org.springframework.web.servlet.mvc.method.annotation.RequestMappingHandlerMapping][197] - Mapped "{[/monitor/dash/main],methods=[],params=[],headers=[],consumes=[],produces=[],custom=[]}" onto public org.springframework.web.servlet.ModelAndView com.ants.monitor.controller.show.IndexController.main(javax.servlet.http.HttpServletRequest)
[10-10 19:31:08,302] INFO  [main][] -  [org.springframework.web.servlet.mvc.method.annotation.RequestMappingHandlerMapping][197] - Mapped "{[/monitor/dash/getMonthChangeData],methods=[GET],params=[],headers=[],consumes=[],produces=[],custom=[]}" onto public com.ants.monitor.bean.ResultVO com.ants.monitor.controller.show.IndexController.getMonthChangeData(java.lang.String,java.lang.String,java.lang.Integer,java.lang.Integer)
[10-10 19:31:08,302] INFO  [main][] -  [org.springframework.web.servlet.mvc.method.annotation.RequestMappingHandlerMapping][197] - Mapped "{[/monitor/services/main],methods=[],params=[],headers=[],consumes=[],produces=[],custom=[]}" onto public org.springframework.web.servlet.ModelAndView com.ants.monitor.controller.show.ServicesController.main()
[10-10 19:31:08,303] INFO  [main][] -  [org.springframework.web.servlet.mvc.method.annotation.RequestMappingHandlerMapping][197] - Mapped "{[/monitor/services/getMethodSumOneDay],methods=[GET],params=[],headers=[],consumes=[],produces=[],custom=[]}" onto public com.ants.monitor.bean.ResultVO com.ants.monitor.controller.show.ServicesController.getMethodSumOneDay(java.lang.String,java.lang.String,java.lang.String)
[10-10 19:31:08,303] INFO  [main][] -  [org.springframework.web.servlet.mvc.method.annotation.RequestMappingHandlerMapping][197] - Mapped "{[/monitor/services/getAllService],methods=[GET],params=[],headers=[],consumes=[],produces=[],custom=[]}" onto public com.ants.monitor.bean.ResultVO com.ants.monitor.controller.show.ServicesController.getAllService()
[10-10 19:31:08,304] INFO  [main][] -  [org.springframework.web.servlet.mvc.method.annotation.RequestMappingHandlerMapping][197] - Mapped "{[/monitor/testTask/testA],methods=[GET],params=[],headers=[],consumes=[],produces=[],custom=[]}" onto public void com.ants.monitor.controller.task.TestTaskController.test()
[10-10 19:31:08,306] INFO  [main][] -  [org.springframework.web.servlet.mvc.method.annotation.RequestMappingHandlerMapping][197] - Mapped "{[/rest/test/index],methods=[],params=[],headers=[],consumes=[],produces=[],custom=[]}" onto public org.springframework.web.servlet.ModelAndView com.ants.monitor.controller.TestController.index()
[10-10 19:31:08,306] INFO  [main][] -  [org.springframework.web.servlet.mvc.method.annotation.RequestMappingHandlerMapping][197] - Mapped "{[/rest/test/test],methods=[GET],params=[],headers=[],consumes=[],produces=[],custom=[]}" onto public com.ants.monitor.bean.ResultVO com.ants.monitor.controller.TestController.test()
[10-10 19:31:08,306] INFO  [main][] -  [org.springframework.web.servlet.mvc.method.annotation.RequestMappingHandlerMapping][197] - Mapped "{[/rest/test/registryContainer],methods=[GET],params=[],headers=[],consumes=[],produces=[],custom=[]}" onto public com.ants.monitor.bean.ResultVO com.ants.monitor.controller.TestController.registryContainer()
[10-10 19:31:08,307] INFO  [main][] -  [org.springframework.web.servlet.mvc.method.annotation.RequestMappingHandlerMapping][197] - Mapped "{[/rest/test/getIp],methods=[GET],params=[],headers=[],consumes=[],produces=[],custom=[]}" onto public com.ants.monitor.bean.ResultVO com.ants.monitor.controller.TestController.getIp(javax.servlet.http.HttpServletRequest,java.lang.String)
[10-10 19:31:08,805] INFO  [main][] -  [org.springframework.web.servlet.handler.SimpleUrlHandlerMapping][315] - Mapped URL path [/**] onto handler 'org.springframework.web.servlet.resource.DefaultServletHttpRequestHandler#0'
[10-10 19:31:09,011] INFO  [main][] -  [org.springframework.ui.freemarker.SpringTemplateLoader][61] - SpringTemplateLoader for FreeMarker: using resource loader [WebApplicationContext for namespace 'springServlet-servlet': startup date [Tue Oct 10 19:31:07 CST 2017]; parent: Root WebApplicationContext] and template loader path [/]
[10-10 19:31:09,012] INFO  [main][] -  [org.springframework.web.servlet.view.freemarker.FreeMarkerConfigurer][127] - ClassTemplateLoader for Spring macros added to FreeMarker configuration
[10-10 19:31:09,088] INFO  [main][] -  [org.springframework.web.servlet.DispatcherServlet][498] - FrameworkServlet 'springServlet': initialization completed in 1145 ms
[10-10 20:03:43,593] INFO  [main][] -  [org.springframework.web.context.ContextLoader][285] - Root WebApplicationContext: initialization started
[10-10 20:03:43,713] INFO  [main][] -  [org.springframework.web.context.support.XmlWebApplicationContext][513] - Refreshing Root WebApplicationContext: startup date [Tue Oct 10 20:03:43 CST 2017]; root of context hierarchy
[10-10 20:03:43,744] INFO  [main][] -  [org.springframework.beans.factory.xml.XmlBeanDefinitionReader][316] - Loading XML bean definitions from class path resource [conf/application-context.xml]
[10-10 20:03:43,882] INFO  [main][] -  [org.springframework.beans.factory.xml.XmlBeanDefinitionReader][316] - Loading XML bean definitions from class path resource [conf/properties.xml]
[10-10 20:03:45,371] INFO  [main][] -  [org.springframework.beans.factory.xml.XmlBeanDefinitionReader][316] - Loading XML bean definitions from class path resource [conf/application-mybatis.xml]
[10-10 20:03:45,400] INFO  [main][] -  [org.springframework.beans.factory.xml.XmlBeanDefinitionReader][316] - Loading XML bean definitions from class path resource [conf/application-dubbo.xml]
[10-10 20:03:45,478] INFO  [main][] -  [org.springframework.beans.factory.xml.XmlBeanDefinitionReader][316] - Loading XML bean definitions from class path resource [conf/application-tool.xml]
[10-10 20:03:45,519] INFO  [main][] -  [org.springframework.beans.factory.xml.XmlBeanDefinitionReader][316] - Loading XML bean definitions from class path resource [conf/application-redis.xml]
[10-10 20:03:45,741] INFO  [main][] -  [org.springframework.beans.factory.config.PropertyPlaceholderConfigurer][172] - Loading properties file from class path resource [application.properties]
[10-10 20:03:45,748] INFO  [main][] -  [org.springframework.beans.factory.annotation.AutowiredAnnotationBeanPostProcessor][141] - JSR-330 'javax.inject.Inject' annotation found and supported for autowiring
[10-10 20:03:53,475] INFO  [main][] -  [org.springframework.web.context.ContextLoader][325] - Root WebApplicationContext: initialization completed in 9881 ms
[10-10 20:03:53,533] INFO  [main][] -  [org.springframework.web.servlet.DispatcherServlet][479] - FrameworkServlet 'springServlet': initialization started
[10-10 20:03:53,536] INFO  [main][] -  [org.springframework.web.context.support.XmlWebApplicationContext][513] - Refreshing WebApplicationContext for namespace 'springServlet-servlet': startup date [Tue Oct 10 20:03:53 CST 2017]; parent: Root WebApplicationContext
[10-10 20:03:53,537] INFO  [main][] -  [org.springframework.beans.factory.xml.XmlBeanDefinitionReader][316] - Loading XML bean definitions from class path resource [spring-mvc.xml]
[10-10 20:03:53,603] INFO  [main][] -  [org.springframework.beans.factory.xml.XmlBeanDefinitionReader][316] - Loading XML bean definitions from class path resource [conf/properties.xml]
[10-10 20:03:53,661] INFO  [main][] -  [org.springframework.beans.factory.config.PropertyPlaceholderConfigurer][172] - Loading properties file from class path resource [application.properties]
[10-10 20:03:53,662] INFO  [main][] -  [org.springframework.beans.factory.annotation.AutowiredAnnotationBeanPostProcessor][141] - JSR-330 'javax.inject.Inject' annotation found and supported for autowiring
[10-10 20:03:54,016] INFO  [main][] -  [org.springframework.web.servlet.mvc.method.annotation.RequestMappingHandlerMapping][197] - Mapped "{[/monitor/common/getFinalTime],methods=[GET],params=[],headers=[],consumes=[],produces=[],custom=[]}" onto public com.ants.monitor.bean.ResultVO com.ants.monitor.controller.CommonController.getFinalTime()
[10-10 20:03:54,019] INFO  [main][] -  [org.springframework.web.servlet.mvc.method.annotation.RequestMappingHandlerMapping][197] - Mapped "{[/monitor/application/main],methods=[],params=[],headers=[],consumes=[],produces=[],custom=[]}" onto public org.springframework.web.servlet.ModelAndView com.ants.monitor.controller.show.ApplicationController.main()
[10-10 20:03:54,021] INFO  [main][] -  [org.springframework.web.servlet.mvc.method.annotation.RequestMappingHandlerMapping][197] - Mapped "{[/monitor/application/getSuccessByConsumerOnDay],methods=[GET],params=[],headers=[],consumes=[],produces=[],custom=[]}" onto public com.ants.monitor.bean.ResultVO com.ants.monitor.controller.show.ApplicationController.getSuccessByConsumerOnDay(java.lang.String,java.lang.String)
[10-10 20:03:54,021] INFO  [main][] -  [org.springframework.web.servlet.mvc.method.annotation.RequestMappingHandlerMapping][197] - Mapped "{[/monitor/application/getSuccessByConsumer],methods=[GET],params=[],headers=[],consumes=[],produces=[],custom=[]}" onto public com.ants.monitor.bean.ResultVO com.ants.monitor.controller.show.ApplicationController.getSuccessByConsumer(java.lang.String,java.lang.String)
[10-10 20:03:54,022] INFO  [main][] -  [org.springframework.web.servlet.mvc.method.annotation.RequestMappingHandlerMapping][197] - Mapped "{[/monitor/application/getSuccessByConsumerOnHour],methods=[GET],params=[],headers=[],consumes=[],produces=[],custom=[]}" onto public com.ants.monitor.bean.ResultVO com.ants.monitor.controller.show.ApplicationController.getSuccessByConsumerOnHour(java.lang.String,java.lang.String)
[10-10 20:03:54,022] INFO  [main][] -  [org.springframework.web.servlet.mvc.method.annotation.RequestMappingHandlerMapping][197] - Mapped "{[/monitor/application/getAllAPPAndRelation],methods=[GET],params=[],headers=[],consumes=[],produces=[],custom=[]}" onto public com.ants.monitor.bean.ResultVO com.ants.monitor.controller.show.ApplicationController.getAllAPPAndRelation()
[10-10 20:03:54,023] INFO  [main][] -  [org.springframework.web.servlet.mvc.method.annotation.RequestMappingHandlerMapping][197] - Mapped "{[/monitor/application/getMethodRanking],methods=[GET],params=[],headers=[],consumes=[],produces=[],custom=[]}" onto public com.ants.monitor.bean.ResultVO com.ants.monitor.controller.show.ApplicationController.getMethodRanking(java.lang.String)
[10-10 20:03:54,024] INFO  [main][] -  [org.springframework.web.servlet.mvc.method.annotation.RequestMappingHandlerMapping][197] - Mapped "{[/monitor/hosts/main],methods=[],params=[],headers=[],consumes=[],produces=[],custom=[]}" onto public org.springframework.web.servlet.ModelAndView com.ants.monitor.controller.show.HostController.main()
[10-10 20:03:54,026] INFO  [main][] -  [org.springframework.web.servlet.mvc.method.annotation.RequestMappingHandlerMapping][197] - Mapped "{[/monitor/hosts/getAllHostPage],methods=[GET],params=[],headers=[],consumes=[],produces=[],custom=[]}" onto public com.ants.monitor.bean.ResultVO com.ants.monitor.controller.show.HostController.getAllHostPage()
[10-10 20:03:54,027] INFO  [main][] -  [org.springframework.web.servlet.mvc.method.annotation.RequestMappingHandlerMapping][197] - Mapped "{[/monitor/dash/index],methods=[],params=[],headers=[],consumes=[],produces=[],custom=[]}" onto public org.springframework.web.servlet.ModelAndView com.ants.monitor.controller.show.IndexController.index()
[10-10 20:03:54,029] INFO  [main][] -  [org.springframework.web.servlet.mvc.method.annotation.RequestMappingHandlerMapping][197] - Mapped "{[/monitor/dash/main],methods=[],params=[],headers=[],consumes=[],produces=[],custom=[]}" onto public org.springframework.web.servlet.ModelAndView com.ants.monitor.controller.show.IndexController.main(javax.servlet.http.HttpServletRequest)
[10-10 20:03:54,030] INFO  [main][] -  [org.springframework.web.servlet.mvc.method.annotation.RequestMappingHandlerMapping][197] - Mapped "{[/monitor/dash/getMonthChangeData],methods=[GET],params=[],headers=[],consumes=[],produces=[],custom=[]}" onto public com.ants.monitor.bean.ResultVO com.ants.monitor.controller.show.IndexController.getMonthChangeData(java.lang.String,java.lang.String,java.lang.Integer,java.lang.Integer)
[10-10 20:03:54,058] INFO  [main][] -  [org.springframework.web.servlet.mvc.method.annotation.RequestMappingHandlerMapping][197] - Mapped "{[/monitor/services/main],methods=[],params=[],headers=[],consumes=[],produces=[],custom=[]}" onto public org.springframework.web.servlet.ModelAndView com.ants.monitor.controller.show.ServicesController.main()
[10-10 20:03:54,058] INFO  [main][] -  [org.springframework.web.servlet.mvc.method.annotation.RequestMappingHandlerMapping][197] - Mapped "{[/monitor/services/getMethodSumOneDay],methods=[GET],params=[],headers=[],consumes=[],produces=[],custom=[]}" onto public com.ants.monitor.bean.ResultVO com.ants.monitor.controller.show.ServicesController.getMethodSumOneDay(java.lang.String,java.lang.String,java.lang.String)
[10-10 20:03:54,058] INFO  [main][] -  [org.springframework.web.servlet.mvc.method.annotation.RequestMappingHandlerMapping][197] - Mapped "{[/monitor/services/getAllService],methods=[GET],params=[],headers=[],consumes=[],produces=[],custom=[]}" onto public com.ants.monitor.bean.ResultVO com.ants.monitor.controller.show.ServicesController.getAllService()
[10-10 20:03:54,066] INFO  [main][] -  [org.springframework.web.servlet.mvc.method.annotation.RequestMappingHandlerMapping][197] - Mapped "{[/monitor/testTask/testA],methods=[GET],params=[],headers=[],consumes=[],produces=[],custom=[]}" onto public void com.ants.monitor.controller.task.TestTaskController.test()
[10-10 20:03:54,068] INFO  [main][] -  [org.springframework.web.servlet.mvc.method.annotation.RequestMappingHandlerMapping][197] - Mapped "{[/rest/test/index],methods=[],params=[],headers=[],consumes=[],produces=[],custom=[]}" onto public org.springframework.web.servlet.ModelAndView com.ants.monitor.controller.TestController.index()
[10-10 20:03:54,070] INFO  [main][] -  [org.springframework.web.servlet.mvc.method.annotation.RequestMappingHandlerMapping][197] - Mapped "{[/rest/test/test],methods=[GET],params=[],headers=[],consumes=[],produces=[],custom=[]}" onto public com.ants.monitor.bean.ResultVO com.ants.monitor.controller.TestController.test()
[10-10 20:03:54,071] INFO  [main][] -  [org.springframework.web.servlet.mvc.method.annotation.RequestMappingHandlerMapping][197] - Mapped "{[/rest/test/registryContainer],methods=[GET],params=[],headers=[],consumes=[],produces=[],custom=[]}" onto public com.ants.monitor.bean.ResultVO com.ants.monitor.controller.TestController.registryContainer()
[10-10 20:03:54,072] INFO  [main][] -  [org.springframework.web.servlet.mvc.method.annotation.RequestMappingHandlerMapping][197] - Mapped "{[/rest/test/getIp],methods=[GET],params=[],headers=[],consumes=[],produces=[],custom=[]}" onto public com.ants.monitor.bean.ResultVO com.ants.monitor.controller.TestController.getIp(javax.servlet.http.HttpServletRequest,java.lang.String)
[10-10 20:03:54,738] INFO  [main][] -  [org.springframework.web.servlet.handler.SimpleUrlHandlerMapping][315] - Mapped URL path [/**] onto handler 'org.springframework.web.servlet.resource.DefaultServletHttpRequestHandler#0'
[10-10 20:03:54,886] INFO  [main][] -  [org.springframework.ui.freemarker.SpringTemplateLoader][61] - SpringTemplateLoader for FreeMarker: using resource loader [WebApplicationContext for namespace 'springServlet-servlet': startup date [Tue Oct 10 20:03:53 CST 2017]; parent: Root WebApplicationContext] and template loader path [/]
[10-10 20:03:54,887] INFO  [main][] -  [org.springframework.web.servlet.view.freemarker.FreeMarkerConfigurer][127] - ClassTemplateLoader for Spring macros added to FreeMarker configuration
[10-10 20:03:55,123] INFO  [main][] -  [org.springframework.web.servlet.DispatcherServlet][498] - FrameworkServlet 'springServlet': initialization completed in 1590 ms
