[INFO ][20171011 17:05:34,360][AbstractApplicationContext:510] Refreshing org.springframework.context.support.ClassPathXmlApplicationContext@5fdef03a: startup date [Wed Oct 11 17:05:34 CST 2017]; root of context hierarchy
[INFO ][20171011 17:05:34,488][XmlBeanDefinitionReader:315] Loading XML bean definitions from class path resource [spring/spring-context.xml]
[INFO ][20171011 17:05:35,166][XmlBeanDefinitionReader:315] Loading XML bean definitions from class path resource [spring/spring-mq.xml]
[INFO ][20171011 17:05:35,376][PropertiesLoaderSupport:172] Loading properties file from class path resource [mq.properties]
[INFO ][20171011 17:05:35,494][DefaultListableBeanFactory:598] Pre-instantiating singletons in org.springframework.beans.factory.support.DefaultListableBeanFactory@6ee52dcd: defining beans [org.springframework.context.annotation.internalConfigurationAnnotationProcessor,org.springframework.context.annotation.internalAutowiredAnnotationProcessor,org.springframework.context.annotation.internalRequiredAnnotationProcessor,org.springframework.context.annotation.internalCommonAnnotationProcessor,mqProducer,org.springframework.context.support.PropertySourcesPlaceholderConfigurer#0,org.springframework.aop.config.internalAutoProxyCreator,targetConnectionFactory,pooledConnectionFactory,connectionFactory,activeMqJmsTemplate,org.springframework.context.annotation.ConfigurationClassPostProcessor.importAwareProcessor]; root of factory hierarchy
[INFO ][20171011 17:05:35,907][SingleConnectionFactory:291] Established shared JMS Connection: PooledConnection { ConnectionPool[ActiveMQConnection {id=ID:DESKTOP-H69LK2Q-5227-1507712735779-1:1,clientId=null,started=false}] }
[INFO ][20171011 17:05:36,016][PooledConnectionFactory$1$1:115] Expiring connection ActiveMQConnection {id=ID:DESKTOP-H69LK2Q-5227-1507712735779-1:1,clientId=ID:DESKTOP-H69LK2Q-5227-1507712735779-0:1,started=false} on IOException: Force close due to SecurityException on connect
[ERROR][20171011 17:05:36,017][MQProducerTest:36] ==>MQ context start error:
org.springframework.jms.IllegalStateException: javax.jms.JMSSecurityException: User name [admin] or password is invalid.; nested exception is javax.jms.IllegalStateException: javax.jms.JMSSecurityException: User name [admin] or password is invalid.
	at org.springframework.jms.support.JmsUtils.convertJmsAccessException(JmsUtils.java:279)
	at org.springframework.jms.support.JmsAccessor.convertJmsAccessException(JmsAccessor.java:168)
	at org.springframework.jms.core.JmsTemplate.execute(JmsTemplate.java:469)
	at org.springframework.jms.core.JmsTemplate.send(JmsTemplate.java:543)
	at org.springframework.jms.core.JmsTemplate.send(JmsTemplate.java:529)
	at wusc.edu.demo.mqtest.MQProducer.sendMessage(MQProducer.java:37)
	at wusc.edu.demo.mqtest.MQProducerTest.main(MQProducerTest.java:32)
Caused by: javax.jms.IllegalStateException: javax.jms.JMSSecurityException: User name [admin] or password is invalid.
	at org.apache.activemq.jms.pool.ConnectionPool.createSession(ConnectionPool.java:151)
	at org.apache.activemq.jms.pool.PooledConnection.createSession(PooledConnection.java:167)
	at sun.reflect.NativeMethodAccessorImpl.invoke0(Native Method)
	at sun.reflect.NativeMethodAccessorImpl.invoke(NativeMethodAccessorImpl.java:62)
	at sun.reflect.DelegatingMethodAccessorImpl.invoke(DelegatingMethodAccessorImpl.java:43)
	at java.lang.reflect.Method.invoke(Method.java:498)
	at org.springframework.jms.connection.SingleConnectionFactory$SharedConnectionInvocationHandler.invoke(SingleConnectionFactory.java:550)
	at com.sun.proxy.$Proxy7.createSession(Unknown Source)
	at org.springframework.jms.support.JmsAccessor.createSession(JmsAccessor.java:196)
	at org.springframework.jms.core.JmsTemplate.execute(JmsTemplate.java:457)
	... 4 more
Caused by: javax.jms.JMSSecurityException: User name [admin] or password is invalid.
	at org.apache.activemq.util.JMSExceptionSupport.create(JMSExceptionSupport.java:52)
	at org.apache.activemq.ActiveMQConnection.syncSendPacket(ActiveMQConnection.java:1420)
	at org.apache.activemq.ActiveMQConnection.ensureConnectionInfoSent(ActiveMQConnection.java:1521)
	at org.apache.activemq.ActiveMQConnection.createSession(ActiveMQConnection.java:329)
	at org.apache.activemq.jms.pool.ConnectionPool.makeSession(ConnectionPool.java:104)
	at org.apache.activemq.jms.pool.ConnectionPool$1.makeObject(ConnectionPool.java:83)
	at org.apache.activemq.jms.pool.ConnectionPool$1.makeObject(ConnectionPool.java:70)
	at org.apache.commons.pool.impl.GenericKeyedObjectPool.borrowObject(GenericKeyedObjectPool.java:1220)
	at org.apache.activemq.jms.pool.ConnectionPool.createSession(ConnectionPool.java:133)
	... 13 more
Caused by: java.lang.SecurityException: User name [admin] or password is invalid.
	at org.apache.activemq.security.SimpleAuthenticationBroker.addConnection(SimpleAuthenticationBroker.java:85)
	at org.apache.activemq.broker.MutableBrokerFilter.addConnection(MutableBrokerFilter.java:102)
	at org.apache.activemq.broker.TransportConnection.processAddConnection(TransportConnection.java:809)
	at org.apache.activemq.broker.jmx.ManagedTransportConnection.processAddConnection(ManagedTransportConnection.java:79)
	at org.apache.activemq.command.ConnectionInfo.visit(ConnectionInfo.java:139)
	at org.apache.activemq.broker.TransportConnection.service(TransportConnection.java:334)
	at org.apache.activemq.broker.TransportConnection$1.onCommand(TransportConnection.java:188)
	at org.apache.activemq.transport.MutexTransport.onCommand(MutexTransport.java:50)
	at org.apache.activemq.transport.WireFormatNegotiator.onCommand(WireFormatNegotiator.java:113)
	at org.apache.activemq.transport.AbstractInactivityMonitor.onCommand(AbstractInactivityMonitor.java:270)
	at org.apache.activemq.transport.TransportSupport.doConsume(TransportSupport.java:83)
	at org.apache.activemq.transport.tcp.TcpTransport.doRun(TcpTransport.java:214)
	at org.apache.activemq.transport.tcp.TcpTransport.run(TcpTransport.java:196)
	at java.lang.Thread.run(Thread.java:745)
[INFO ][20171011 17:06:06,711][AbstractApplicationContext:510] Refreshing org.springframework.context.support.ClassPathXmlApplicationContext@5fdef03a: startup date [Wed Oct 11 17:06:06 CST 2017]; root of context hierarchy
[INFO ][20171011 17:06:06,763][XmlBeanDefinitionReader:315] Loading XML bean definitions from class path resource [spring/spring-context.xml]
[INFO ][20171011 17:06:06,996][XmlBeanDefinitionReader:315] Loading XML bean definitions from class path resource [spring/spring-mq.xml]
[INFO ][20171011 17:06:07,142][PropertiesLoaderSupport:172] Loading properties file from class path resource [mq.properties]
[INFO ][20171011 17:06:07,202][DefaultListableBeanFactory:598] Pre-instantiating singletons in org.springframework.beans.factory.support.DefaultListableBeanFactory@6ee52dcd: defining beans [org.springframework.context.annotation.internalConfigurationAnnotationProcessor,org.springframework.context.annotation.internalAutowiredAnnotationProcessor,org.springframework.context.annotation.internalRequiredAnnotationProcessor,org.springframework.context.annotation.internalCommonAnnotationProcessor,mqProducer,org.springframework.context.support.PropertySourcesPlaceholderConfigurer#0,org.springframework.aop.config.internalAutoProxyCreator,targetConnectionFactory,pooledConnectionFactory,connectionFactory,activeMqJmsTemplate,org.springframework.context.annotation.ConfigurationClassPostProcessor.importAwareProcessor]; root of factory hierarchy
[INFO ][20171011 17:06:07,625][SingleConnectionFactory:291] Established shared JMS Connection: PooledConnection { ConnectionPool[ActiveMQConnection {id=ID:DESKTOP-H69LK2Q-5276-1507712767501-1:1,clientId=null,started=false}] }
[INFO ][20171011 17:06:08,108][MQProducerTest:39] ===>System.exit
[INFO ][20171011 17:29:30,302][AbstractApplicationContext:510] Refreshing org.springframework.context.support.ClassPathXmlApplicationContext@5fdef03a: startup date [Wed Oct 11 17:29:30 CST 2017]; root of context hierarchy
[INFO ][20171011 17:29:30,359][XmlBeanDefinitionReader:315] Loading XML bean definitions from class path resource [spring/spring-context.xml]
[INFO ][20171011 17:29:30,630][XmlBeanDefinitionReader:315] Loading XML bean definitions from class path resource [spring/spring-mq.xml]
[INFO ][20171011 17:29:30,800][PropertiesLoaderSupport:172] Loading properties file from class path resource [mq.properties]
[INFO ][20171011 17:29:30,853][DefaultListableBeanFactory:598] Pre-instantiating singletons in org.springframework.beans.factory.support.DefaultListableBeanFactory@6ee52dcd: defining beans [org.springframework.context.annotation.internalConfigurationAnnotationProcessor,org.springframework.context.annotation.internalAutowiredAnnotationProcessor,org.springframework.context.annotation.internalRequiredAnnotationProcessor,org.springframework.context.annotation.internalCommonAnnotationProcessor,mqProducer,org.springframework.context.support.PropertySourcesPlaceholderConfigurer#0,org.springframework.aop.config.internalAutoProxyCreator,targetConnectionFactory,pooledConnectionFactory,connectionFactory,activeMqJmsTemplate,org.springframework.context.annotation.ConfigurationClassPostProcessor.importAwareProcessor]; root of factory hierarchy
[INFO ][20171011 17:29:31,359][SingleConnectionFactory:291] Established shared JMS Connection: PooledConnection { ConnectionPool[ActiveMQConnection {id=ID:DESKTOP-H69LK2Q-7173-1507714171231-1:1,clientId=null,started=false}] }
[INFO ][20171011 17:29:31,642][MQProducerTest:39] ===>System.exit
[INFO ][20171011 17:30:34,928][AbstractApplicationContext:510] Refreshing org.springframework.context.support.ClassPathXmlApplicationContext@5fdef03a: startup date [Wed Oct 11 17:30:34 CST 2017]; root of context hierarchy
[INFO ][20171011 17:30:34,990][XmlBeanDefinitionReader:315] Loading XML bean definitions from class path resource [spring/spring-context.xml]
[INFO ][20171011 17:30:35,255][XmlBeanDefinitionReader:315] Loading XML bean definitions from class path resource [spring/spring-mq.xml]
[INFO ][20171011 17:30:35,404][PropertiesLoaderSupport:172] Loading properties file from class path resource [mq.properties]
[INFO ][20171011 17:30:35,458][DefaultListableBeanFactory:598] Pre-instantiating singletons in org.springframework.beans.factory.support.DefaultListableBeanFactory@2781e022: defining beans [org.springframework.context.annotation.internalConfigurationAnnotationProcessor,org.springframework.context.annotation.internalAutowiredAnnotationProcessor,org.springframework.context.annotation.internalRequiredAnnotationProcessor,org.springframework.context.annotation.internalCommonAnnotationProcessor,mqProducer,org.springframework.context.support.PropertySourcesPlaceholderConfigurer#0,org.springframework.aop.config.internalAutoProxyCreator,targetConnectionFactory,pooledConnectionFactory,connectionFactory,activeMqJmsTemplate,org.springframework.context.annotation.ConfigurationClassPostProcessor.importAwareProcessor]; root of factory hierarchy
[INFO ][20171011 17:30:36,025][SingleConnectionFactory:291] Established shared JMS Connection: PooledConnection { ConnectionPool[ActiveMQConnection {id=ID:DESKTOP-H69LK2Q-7279-1507714235802-1:1,clientId=null,started=false}] }
[INFO ][20171011 17:30:36,315][MQProducerTest:41] ===>System.exit
